[2023-03-21 05:34:35,792] {taskinstance.py:1035} INFO - Dependencies all met for <TaskInstance: transform_etl.Start_Proses_ETL manual__2023-03-21T05:34:33.985787+00:00 [queued]>
[2023-03-21 05:34:35,811] {taskinstance.py:1035} INFO - Dependencies all met for <TaskInstance: transform_etl.Start_Proses_ETL manual__2023-03-21T05:34:33.985787+00:00 [queued]>
[2023-03-21 05:34:35,811] {taskinstance.py:1241} INFO - 
--------------------------------------------------------------------------------
[2023-03-21 05:34:35,812] {taskinstance.py:1242} INFO - Starting attempt 1 of 1
[2023-03-21 05:34:35,812] {taskinstance.py:1243} INFO - 
--------------------------------------------------------------------------------
[2023-03-21 05:34:35,826] {taskinstance.py:1262} INFO - Executing <Task(PythonOperator): Start_Proses_ETL> on 2023-03-21 05:34:33.985787+00:00
[2023-03-21 05:34:35,830] {standard_task_runner.py:52} INFO - Started process 1386 to run task
[2023-03-21 05:34:35,833] {standard_task_runner.py:76} INFO - Running: ['***', 'tasks', 'run', 'transform_etl', 'Start_Proses_ETL', 'manual__2023-03-21T05:34:33.985787+00:00', '--job-id', '43', '--raw', '--subdir', 'DAGS_FOLDER/etl.py', '--cfg-path', '/tmp/tmpjv5ekpd3', '--error-file', '/tmp/tmpv73kawxa']
[2023-03-21 05:34:35,834] {standard_task_runner.py:77} INFO - Job 43: Subtask Start_Proses_ETL
[2023-03-21 05:34:35,874] {logging_mixin.py:109} INFO - Running <TaskInstance: transform_etl.Start_Proses_ETL manual__2023-03-21T05:34:33.985787+00:00 [running]> on host 8d5c7b966855
[2023-03-21 05:34:35,923] {taskinstance.py:1414} INFO - Exporting the following env vars:
AIRFLOW_CTX_DAG_OWNER=***
AIRFLOW_CTX_DAG_ID=transform_etl
AIRFLOW_CTX_TASK_ID=Start_Proses_ETL
AIRFLOW_CTX_EXECUTION_DATE=2023-03-21T05:34:33.985787+00:00
AIRFLOW_CTX_DAG_RUN_ID=manual__2023-03-21T05:34:33.985787+00:00
[2023-03-21 05:34:35,924] {logging_mixin.py:109} INFO - ETL Dimulai
[2023-03-21 05:34:35,924] {python.py:152} INFO - Done. Returned value was: None
[2023-03-21 05:34:35,935] {taskinstance.py:1280} INFO - Marking task as SUCCESS. dag_id=transform_etl, task_id=Start_Proses_ETL, execution_date=20230321T053433, start_date=20230321T053435, end_date=20230321T053435
[2023-03-21 05:34:35,966] {local_task_job.py:154} INFO - Task exited with return code 0
[2023-03-21 05:34:36,006] {local_task_job.py:264} INFO - 1 downstream tasks scheduled from follow-on schedule check
