[2023-03-22 03:10:55,166] {taskinstance.py:1035} INFO - Dependencies all met for <TaskInstance: etl_to_staging.Start_Proses_ETL_Staging manual__2023-03-22T03:10:52.655590+00:00 [queued]>
[2023-03-22 03:10:55,186] {taskinstance.py:1035} INFO - Dependencies all met for <TaskInstance: etl_to_staging.Start_Proses_ETL_Staging manual__2023-03-22T03:10:52.655590+00:00 [queued]>
[2023-03-22 03:10:55,187] {taskinstance.py:1241} INFO - 
--------------------------------------------------------------------------------
[2023-03-22 03:10:55,187] {taskinstance.py:1242} INFO - Starting attempt 1 of 1
[2023-03-22 03:10:55,188] {taskinstance.py:1243} INFO - 
--------------------------------------------------------------------------------
[2023-03-22 03:10:55,202] {taskinstance.py:1262} INFO - Executing <Task(PythonOperator): Start_Proses_ETL_Staging> on 2023-03-22 03:10:52.655590+00:00
[2023-03-22 03:10:55,206] {standard_task_runner.py:52} INFO - Started process 323 to run task
[2023-03-22 03:10:55,209] {standard_task_runner.py:76} INFO - Running: ['***', 'tasks', 'run', 'etl_to_staging', 'Start_Proses_ETL_Staging', 'manual__2023-03-22T03:10:52.655590+00:00', '--job-id', '3', '--raw', '--subdir', 'DAGS_FOLDER/etl_staging.py', '--cfg-path', '/tmp/tmpooyaa584', '--error-file', '/tmp/tmpvrloxg4i']
[2023-03-22 03:10:55,210] {standard_task_runner.py:77} INFO - Job 3: Subtask Start_Proses_ETL_Staging
[2023-03-22 03:10:55,255] {logging_mixin.py:109} INFO - Running <TaskInstance: etl_to_staging.Start_Proses_ETL_Staging manual__2023-03-22T03:10:52.655590+00:00 [running]> on host c86027d4d7ad
[2023-03-22 03:10:55,304] {taskinstance.py:1414} INFO - Exporting the following env vars:
AIRFLOW_CTX_DAG_OWNER=***
AIRFLOW_CTX_DAG_ID=etl_to_staging
AIRFLOW_CTX_TASK_ID=Start_Proses_ETL_Staging
AIRFLOW_CTX_EXECUTION_DATE=2023-03-22T03:10:52.655590+00:00
AIRFLOW_CTX_DAG_RUN_ID=manual__2023-03-22T03:10:52.655590+00:00
[2023-03-22 03:10:55,305] {logging_mixin.py:109} INFO - ETL Dimulai
[2023-03-22 03:10:55,305] {python.py:152} INFO - Done. Returned value was: None
[2023-03-22 03:10:55,317] {taskinstance.py:1280} INFO - Marking task as SUCCESS. dag_id=etl_to_staging, task_id=Start_Proses_ETL_Staging, execution_date=20230322T031052, start_date=20230322T031055, end_date=20230322T031055
[2023-03-22 03:10:55,342] {local_task_job.py:154} INFO - Task exited with return code 0
[2023-03-22 03:10:55,385] {local_task_job.py:264} INFO - 1 downstream tasks scheduled from follow-on schedule check
