[2023-03-22 08:18:24,338] {taskinstance.py:1035} INFO - Dependencies all met for <TaskInstance: etl_to_staging.load_postgres manual__2023-03-22T08:17:42.345930+00:00 [queued]>
[2023-03-22 08:18:24,365] {taskinstance.py:1035} INFO - Dependencies all met for <TaskInstance: etl_to_staging.load_postgres manual__2023-03-22T08:17:42.345930+00:00 [queued]>
[2023-03-22 08:18:24,366] {taskinstance.py:1241} INFO - 
--------------------------------------------------------------------------------
[2023-03-22 08:18:24,366] {taskinstance.py:1242} INFO - Starting attempt 1 of 1
[2023-03-22 08:18:24,367] {taskinstance.py:1243} INFO - 
--------------------------------------------------------------------------------
[2023-03-22 08:18:24,382] {taskinstance.py:1262} INFO - Executing <Task(PythonOperator): load_postgres> on 2023-03-22 08:17:42.345930+00:00
[2023-03-22 08:18:24,387] {standard_task_runner.py:52} INFO - Started process 147 to run task
[2023-03-22 08:18:24,391] {standard_task_runner.py:76} INFO - Running: ['***', 'tasks', 'run', 'etl_to_staging', 'load_postgres', 'manual__2023-03-22T08:17:42.345930+00:00', '--job-id', '12', '--raw', '--subdir', 'DAGS_FOLDER/etl_staging.py', '--cfg-path', '/tmp/tmp_mqkehk3', '--error-file', '/tmp/tmpx7uxrtl2']
[2023-03-22 08:18:24,392] {standard_task_runner.py:77} INFO - Job 12: Subtask load_postgres
[2023-03-22 08:18:24,444] {logging_mixin.py:109} INFO - Running <TaskInstance: etl_to_staging.load_postgres manual__2023-03-22T08:17:42.345930+00:00 [running]> on host 2bbf1c230888
[2023-03-22 08:18:24,502] {taskinstance.py:1414} INFO - Exporting the following env vars:
AIRFLOW_CTX_DAG_OWNER=***
AIRFLOW_CTX_DAG_ID=etl_to_staging
AIRFLOW_CTX_TASK_ID=load_postgres
AIRFLOW_CTX_EXECUTION_DATE=2023-03-22T08:17:42.345930+00:00
AIRFLOW_CTX_DAG_RUN_ID=manual__2023-03-22T08:17:42.345930+00:00
[2023-03-22 08:20:38,336] {python.py:152} INFO - Done. Returned value was: None
[2023-03-22 08:20:38,351] {taskinstance.py:1280} INFO - Marking task as SUCCESS. dag_id=etl_to_staging, task_id=load_postgres, execution_date=20230322T081742, start_date=20230322T081824, end_date=20230322T082038
[2023-03-22 08:20:38,438] {local_task_job.py:154} INFO - Task exited with return code 0
[2023-03-22 08:20:38,471] {local_task_job.py:264} INFO - 1 downstream tasks scheduled from follow-on schedule check
