[2023-03-21 05:48:35,548] {taskinstance.py:1035} INFO - Dependencies all met for <TaskInstance: transform_etl.trans_business_json manual__2023-03-21T05:48:29.542880+00:00 [queued]>
[2023-03-21 05:48:35,570] {taskinstance.py:1035} INFO - Dependencies all met for <TaskInstance: transform_etl.trans_business_json manual__2023-03-21T05:48:29.542880+00:00 [queued]>
[2023-03-21 05:48:35,571] {taskinstance.py:1241} INFO - 
--------------------------------------------------------------------------------
[2023-03-21 05:48:35,571] {taskinstance.py:1242} INFO - Starting attempt 1 of 1
[2023-03-21 05:48:35,572] {taskinstance.py:1243} INFO - 
--------------------------------------------------------------------------------
[2023-03-21 05:48:35,586] {taskinstance.py:1262} INFO - Executing <Task(PythonOperator): trans_business_json> on 2023-03-21 05:48:29.542880+00:00
[2023-03-21 05:48:35,591] {standard_task_runner.py:52} INFO - Started process 93 to run task
[2023-03-21 05:48:35,595] {standard_task_runner.py:76} INFO - Running: ['***', 'tasks', 'run', 'transform_etl', 'trans_business_json', 'manual__2023-03-21T05:48:29.542880+00:00', '--job-id', '53', '--raw', '--subdir', 'DAGS_FOLDER/etl.py', '--cfg-path', '/tmp/tmp4ljekgu5', '--error-file', '/tmp/tmpc4wxmvdc']
[2023-03-21 05:48:35,596] {standard_task_runner.py:77} INFO - Job 53: Subtask trans_business_json
[2023-03-21 05:48:35,638] {logging_mixin.py:109} INFO - Running <TaskInstance: transform_etl.trans_business_json manual__2023-03-21T05:48:29.542880+00:00 [running]> on host 8d5c7b966855
[2023-03-21 05:48:35,689] {taskinstance.py:1414} INFO - Exporting the following env vars:
AIRFLOW_CTX_DAG_OWNER=***
AIRFLOW_CTX_DAG_ID=transform_etl
AIRFLOW_CTX_TASK_ID=trans_business_json
AIRFLOW_CTX_EXECUTION_DATE=2023-03-21T05:48:29.542880+00:00
AIRFLOW_CTX_DAG_RUN_ID=manual__2023-03-21T05:48:29.542880+00:00
[2023-03-21 05:48:53,679] {logging_mixin.py:109} INFO - Data berhasil disimpan ke json file
[2023-03-21 05:48:54,047] {python.py:152} INFO - Done. Returned value was: None
[2023-03-21 05:48:54,105] {taskinstance.py:1280} INFO - Marking task as SUCCESS. dag_id=transform_etl, task_id=trans_business_json, execution_date=20230321T054829, start_date=20230321T054835, end_date=20230321T054854
[2023-03-21 05:48:54,191] {local_task_job.py:154} INFO - Task exited with return code 0
[2023-03-21 05:48:54,249] {local_task_job.py:264} INFO - 0 downstream tasks scheduled from follow-on schedule check
