[2023-03-21 06:09:23,925] {taskinstance.py:1035} INFO - Dependencies all met for <TaskInstance: transform_etl.Start_Proses_ETL manual__2023-03-21T06:09:20.019905+00:00 [queued]>
[2023-03-21 06:09:23,975] {taskinstance.py:1035} INFO - Dependencies all met for <TaskInstance: transform_etl.Start_Proses_ETL manual__2023-03-21T06:09:20.019905+00:00 [queued]>
[2023-03-21 06:09:23,976] {taskinstance.py:1241} INFO - 
--------------------------------------------------------------------------------
[2023-03-21 06:09:23,977] {taskinstance.py:1242} INFO - Starting attempt 1 of 1
[2023-03-21 06:09:23,978] {taskinstance.py:1243} INFO - 
--------------------------------------------------------------------------------
[2023-03-21 06:09:24,025] {taskinstance.py:1262} INFO - Executing <Task(PythonOperator): Start_Proses_ETL> on 2023-03-21 06:09:20.019905+00:00
[2023-03-21 06:09:24,033] {standard_task_runner.py:52} INFO - Started process 110 to run task
[2023-03-21 06:09:24,042] {standard_task_runner.py:76} INFO - Running: ['***', 'tasks', 'run', 'transform_etl', 'Start_Proses_ETL', 'manual__2023-03-21T06:09:20.019905+00:00', '--job-id', '3', '--raw', '--subdir', 'DAGS_FOLDER/etl.py', '--cfg-path', '/tmp/tmppb887v11', '--error-file', '/tmp/tmp_htppbqe']
[2023-03-21 06:09:24,044] {standard_task_runner.py:77} INFO - Job 3: Subtask Start_Proses_ETL
[2023-03-21 06:09:24,163] {logging_mixin.py:109} INFO - Running <TaskInstance: transform_etl.Start_Proses_ETL manual__2023-03-21T06:09:20.019905+00:00 [running]> on host 1ee5a3730c13
[2023-03-21 06:09:24,283] {taskinstance.py:1414} INFO - Exporting the following env vars:
AIRFLOW_CTX_DAG_OWNER=***
AIRFLOW_CTX_DAG_ID=transform_etl
AIRFLOW_CTX_TASK_ID=Start_Proses_ETL
AIRFLOW_CTX_EXECUTION_DATE=2023-03-21T06:09:20.019905+00:00
AIRFLOW_CTX_DAG_RUN_ID=manual__2023-03-21T06:09:20.019905+00:00
[2023-03-21 06:09:24,285] {logging_mixin.py:109} INFO - ETL Dimulai
[2023-03-21 06:09:24,286] {python.py:152} INFO - Done. Returned value was: None
[2023-03-21 06:09:24,309] {taskinstance.py:1280} INFO - Marking task as SUCCESS. dag_id=transform_etl, task_id=Start_Proses_ETL, execution_date=20230321T060920, start_date=20230321T060923, end_date=20230321T060924
[2023-03-21 06:09:24,373] {local_task_job.py:154} INFO - Task exited with return code 0
[2023-03-21 06:09:24,447] {local_task_job.py:264} INFO - 1 downstream tasks scheduled from follow-on schedule check
