[2023-03-21 03:40:46,708] {taskinstance.py:1035} INFO - Dependencies all met for <TaskInstance: transform_etl.load_mysql manual__2023-03-21T03:40:25.451249+00:00 [queued]>
[2023-03-21 03:40:46,723] {taskinstance.py:1035} INFO - Dependencies all met for <TaskInstance: transform_etl.load_mysql manual__2023-03-21T03:40:25.451249+00:00 [queued]>
[2023-03-21 03:40:46,723] {taskinstance.py:1241} INFO - 
--------------------------------------------------------------------------------
[2023-03-21 03:40:46,724] {taskinstance.py:1242} INFO - Starting attempt 1 of 1
[2023-03-21 03:40:46,724] {taskinstance.py:1243} INFO - 
--------------------------------------------------------------------------------
[2023-03-21 03:40:46,745] {taskinstance.py:1262} INFO - Executing <Task(PythonOperator): load_mysql> on 2023-03-21 03:40:25.451249+00:00
[2023-03-21 03:40:46,749] {standard_task_runner.py:52} INFO - Started process 382 to run task
[2023-03-21 03:40:46,753] {standard_task_runner.py:76} INFO - Running: ['***', 'tasks', 'run', 'transform_etl', 'load_mysql', 'manual__2023-03-21T03:40:25.451249+00:00', '--job-id', '15', '--raw', '--subdir', 'DAGS_FOLDER/etl.py', '--cfg-path', '/tmp/tmpjwp8rx1y', '--error-file', '/tmp/tmpbp9dyiqu']
[2023-03-21 03:40:46,754] {standard_task_runner.py:77} INFO - Job 15: Subtask load_mysql
[2023-03-21 03:40:46,796] {logging_mixin.py:109} INFO - Running <TaskInstance: transform_etl.load_mysql manual__2023-03-21T03:40:25.451249+00:00 [running]> on host 8d5c7b966855
[2023-03-21 03:40:46,846] {taskinstance.py:1414} INFO - Exporting the following env vars:
AIRFLOW_CTX_DAG_OWNER=***
AIRFLOW_CTX_DAG_ID=transform_etl
AIRFLOW_CTX_TASK_ID=load_mysql
AIRFLOW_CTX_EXECUTION_DATE=2023-03-21T03:40:25.451249+00:00
AIRFLOW_CTX_DAG_RUN_ID=manual__2023-03-21T03:40:25.451249+00:00
[2023-03-21 03:41:53,587] {python.py:152} INFO - Done. Returned value was: None
[2023-03-21 03:41:53,600] {taskinstance.py:1280} INFO - Marking task as SUCCESS. dag_id=transform_etl, task_id=load_mysql, execution_date=20230321T034025, start_date=20230321T034046, end_date=20230321T034153
[2023-03-21 03:41:53,673] {local_task_job.py:154} INFO - Task exited with return code 0
[2023-03-21 03:41:53,709] {local_task_job.py:264} INFO - 1 downstream tasks scheduled from follow-on schedule check
