[2023-03-22 08:20:40,107] {taskinstance.py:1035} INFO - Dependencies all met for <TaskInstance: etl_to_staging.sukses_Proses_ETL manual__2023-03-22T08:17:42.345930+00:00 [queued]>
[2023-03-22 08:20:40,139] {taskinstance.py:1035} INFO - Dependencies all met for <TaskInstance: etl_to_staging.sukses_Proses_ETL manual__2023-03-22T08:17:42.345930+00:00 [queued]>
[2023-03-22 08:20:40,140] {taskinstance.py:1241} INFO - 
--------------------------------------------------------------------------------
[2023-03-22 08:20:40,140] {taskinstance.py:1242} INFO - Starting attempt 1 of 1
[2023-03-22 08:20:40,141] {taskinstance.py:1243} INFO - 
--------------------------------------------------------------------------------
[2023-03-22 08:20:40,159] {taskinstance.py:1262} INFO - Executing <Task(PythonOperator): sukses_Proses_ETL> on 2023-03-22 08:17:42.345930+00:00
[2023-03-22 08:20:40,164] {standard_task_runner.py:52} INFO - Started process 229 to run task
[2023-03-22 08:20:40,169] {standard_task_runner.py:76} INFO - Running: ['***', 'tasks', 'run', 'etl_to_staging', 'sukses_Proses_ETL', 'manual__2023-03-22T08:17:42.345930+00:00', '--job-id', '13', '--raw', '--subdir', 'DAGS_FOLDER/etl_staging.py', '--cfg-path', '/tmp/tmph2cxaq4z', '--error-file', '/tmp/tmpo8_k3hzp']
[2023-03-22 08:20:40,170] {standard_task_runner.py:77} INFO - Job 13: Subtask sukses_Proses_ETL
[2023-03-22 08:20:40,223] {logging_mixin.py:109} INFO - Running <TaskInstance: etl_to_staging.sukses_Proses_ETL manual__2023-03-22T08:17:42.345930+00:00 [running]> on host 2bbf1c230888
[2023-03-22 08:20:40,280] {taskinstance.py:1414} INFO - Exporting the following env vars:
AIRFLOW_CTX_DAG_OWNER=***
AIRFLOW_CTX_DAG_ID=etl_to_staging
AIRFLOW_CTX_TASK_ID=sukses_Proses_ETL
AIRFLOW_CTX_EXECUTION_DATE=2023-03-22T08:17:42.345930+00:00
AIRFLOW_CTX_DAG_RUN_ID=manual__2023-03-22T08:17:42.345930+00:00
[2023-03-22 08:20:40,281] {logging_mixin.py:109} INFO - Etl Sukses Dilakukan
[2023-03-22 08:20:40,282] {python.py:152} INFO - Done. Returned value was: None
[2023-03-22 08:20:40,308] {taskinstance.py:1280} INFO - Marking task as SUCCESS. dag_id=etl_to_staging, task_id=sukses_Proses_ETL, execution_date=20230322T081742, start_date=20230322T082040, end_date=20230322T082040
[2023-03-22 08:20:40,341] {local_task_job.py:154} INFO - Task exited with return code 0
[2023-03-22 08:20:40,390] {local_task_job.py:264} INFO - 0 downstream tasks scheduled from follow-on schedule check
