[2023-03-22 08:29:48,396] {taskinstance.py:1035} INFO - Dependencies all met for <TaskInstance: load_to_DWlayer.Start_Proses_Load_to_datawarehouse manual__2023-03-22T08:29:47.330252+00:00 [queued]>
[2023-03-22 08:29:48,416] {taskinstance.py:1035} INFO - Dependencies all met for <TaskInstance: load_to_DWlayer.Start_Proses_Load_to_datawarehouse manual__2023-03-22T08:29:47.330252+00:00 [queued]>
[2023-03-22 08:29:48,416] {taskinstance.py:1241} INFO - 
--------------------------------------------------------------------------------
[2023-03-22 08:29:48,417] {taskinstance.py:1242} INFO - Starting attempt 1 of 1
[2023-03-22 08:29:48,417] {taskinstance.py:1243} INFO - 
--------------------------------------------------------------------------------
[2023-03-22 08:29:48,430] {taskinstance.py:1262} INFO - Executing <Task(PythonOperator): Start_Proses_Load_to_datawarehouse> on 2023-03-22 08:29:47.330252+00:00
[2023-03-22 08:29:48,433] {standard_task_runner.py:52} INFO - Started process 602 to run task
[2023-03-22 08:29:48,436] {standard_task_runner.py:76} INFO - Running: ['***', 'tasks', 'run', 'load_to_DWlayer', 'Start_Proses_Load_to_datawarehouse', 'manual__2023-03-22T08:29:47.330252+00:00', '--job-id', '14', '--raw', '--subdir', 'DAGS_FOLDER/etl_warehouse.py', '--cfg-path', '/tmp/tmp9okzdzbe', '--error-file', '/tmp/tmpe9g1534j']
[2023-03-22 08:29:48,437] {standard_task_runner.py:77} INFO - Job 14: Subtask Start_Proses_Load_to_datawarehouse
[2023-03-22 08:29:48,479] {logging_mixin.py:109} INFO - Running <TaskInstance: load_to_DWlayer.Start_Proses_Load_to_datawarehouse manual__2023-03-22T08:29:47.330252+00:00 [running]> on host 2bbf1c230888
[2023-03-22 08:29:48,528] {taskinstance.py:1414} INFO - Exporting the following env vars:
AIRFLOW_CTX_DAG_OWNER=***
AIRFLOW_CTX_DAG_ID=load_to_DWlayer
AIRFLOW_CTX_TASK_ID=Start_Proses_Load_to_datawarehouse
AIRFLOW_CTX_EXECUTION_DATE=2023-03-22T08:29:47.330252+00:00
AIRFLOW_CTX_DAG_RUN_ID=manual__2023-03-22T08:29:47.330252+00:00
[2023-03-22 08:29:48,529] {logging_mixin.py:109} INFO - ETL Dimulai
[2023-03-22 08:29:48,529] {python.py:152} INFO - Done. Returned value was: None
[2023-03-22 08:29:48,540] {taskinstance.py:1280} INFO - Marking task as SUCCESS. dag_id=load_to_DWlayer, task_id=Start_Proses_Load_to_datawarehouse, execution_date=20230322T082947, start_date=20230322T082948, end_date=20230322T082948
[2023-03-22 08:29:48,569] {local_task_job.py:154} INFO - Task exited with return code 0
[2023-03-22 08:29:48,607] {local_task_job.py:264} INFO - 1 downstream tasks scheduled from follow-on schedule check
