[2023-03-22 07:59:24,056] {taskinstance.py:1035} INFO - Dependencies all met for <TaskInstance: load_to_datamart.Start_Proses_Load_to_datamart manual__2023-03-22T07:59:22.894074+00:00 [queued]>
[2023-03-22 07:59:24,083] {taskinstance.py:1035} INFO - Dependencies all met for <TaskInstance: load_to_datamart.Start_Proses_Load_to_datamart manual__2023-03-22T07:59:22.894074+00:00 [queued]>
[2023-03-22 07:59:24,083] {taskinstance.py:1241} INFO - 
--------------------------------------------------------------------------------
[2023-03-22 07:59:24,084] {taskinstance.py:1242} INFO - Starting attempt 1 of 1
[2023-03-22 07:59:24,084] {taskinstance.py:1243} INFO - 
--------------------------------------------------------------------------------
[2023-03-22 07:59:24,108] {taskinstance.py:1262} INFO - Executing <Task(PythonOperator): Start_Proses_Load_to_datamart> on 2023-03-22 07:59:22.894074+00:00
[2023-03-22 07:59:24,114] {standard_task_runner.py:52} INFO - Started process 468 to run task
[2023-03-22 07:59:24,119] {standard_task_runner.py:76} INFO - Running: ['***', 'tasks', 'run', 'load_to_datamart', 'Start_Proses_Load_to_datamart', 'manual__2023-03-22T07:59:22.894074+00:00', '--job-id', '12', '--raw', '--subdir', 'DAGS_FOLDER/mart_layer.py', '--cfg-path', '/tmp/tmpq3v5bb2z', '--error-file', '/tmp/tmpbbms1ksv']
[2023-03-22 07:59:24,120] {standard_task_runner.py:77} INFO - Job 12: Subtask Start_Proses_Load_to_datamart
[2023-03-22 07:59:24,176] {logging_mixin.py:109} INFO - Running <TaskInstance: load_to_datamart.Start_Proses_Load_to_datamart manual__2023-03-22T07:59:22.894074+00:00 [running]> on host c456fd334a3e
[2023-03-22 07:59:24,240] {taskinstance.py:1414} INFO - Exporting the following env vars:
AIRFLOW_CTX_DAG_OWNER=***
AIRFLOW_CTX_DAG_ID=load_to_datamart
AIRFLOW_CTX_TASK_ID=Start_Proses_Load_to_datamart
AIRFLOW_CTX_EXECUTION_DATE=2023-03-22T07:59:22.894074+00:00
AIRFLOW_CTX_DAG_RUN_ID=manual__2023-03-22T07:59:22.894074+00:00
[2023-03-22 07:59:24,242] {logging_mixin.py:109} INFO - ETL Dimulai
[2023-03-22 07:59:24,242] {python.py:152} INFO - Done. Returned value was: None
[2023-03-22 07:59:24,256] {taskinstance.py:1280} INFO - Marking task as SUCCESS. dag_id=load_to_datamart, task_id=Start_Proses_Load_to_datamart, execution_date=20230322T075922, start_date=20230322T075924, end_date=20230322T075924
[2023-03-22 07:59:24,290] {local_task_job.py:154} INFO - Task exited with return code 0
[2023-03-22 07:59:24,355] {local_task_job.py:264} INFO - 1 downstream tasks scheduled from follow-on schedule check
