[2023-03-22 08:10:32,996] {taskinstance.py:1035} INFO - Dependencies all met for <TaskInstance: etl_to_staging.trans_business_json manual__2023-03-22T08:10:23.415675+00:00 [queued]>
[2023-03-22 08:10:33,033] {taskinstance.py:1035} INFO - Dependencies all met for <TaskInstance: etl_to_staging.trans_business_json manual__2023-03-22T08:10:23.415675+00:00 [queued]>
[2023-03-22 08:10:33,034] {taskinstance.py:1241} INFO - 
--------------------------------------------------------------------------------
[2023-03-22 08:10:33,034] {taskinstance.py:1242} INFO - Starting attempt 1 of 1
[2023-03-22 08:10:33,035] {taskinstance.py:1243} INFO - 
--------------------------------------------------------------------------------
[2023-03-22 08:10:33,054] {taskinstance.py:1262} INFO - Executing <Task(PythonOperator): trans_business_json> on 2023-03-22 08:10:23.415675+00:00
[2023-03-22 08:10:33,060] {standard_task_runner.py:52} INFO - Started process 294 to run task
[2023-03-22 08:10:33,064] {standard_task_runner.py:76} INFO - Running: ['***', 'tasks', 'run', 'etl_to_staging', 'trans_business_json', 'manual__2023-03-22T08:10:23.415675+00:00', '--job-id', '5', '--raw', '--subdir', 'DAGS_FOLDER/etl_staging.py', '--cfg-path', '/tmp/tmpqpktcykl', '--error-file', '/tmp/tmpe2x7hvx3']
[2023-03-22 08:10:33,065] {standard_task_runner.py:77} INFO - Job 5: Subtask trans_business_json
[2023-03-22 08:10:33,122] {logging_mixin.py:109} INFO - Running <TaskInstance: etl_to_staging.trans_business_json manual__2023-03-22T08:10:23.415675+00:00 [running]> on host 2bbf1c230888
[2023-03-22 08:10:33,188] {taskinstance.py:1414} INFO - Exporting the following env vars:
AIRFLOW_CTX_DAG_OWNER=***
AIRFLOW_CTX_DAG_ID=etl_to_staging
AIRFLOW_CTX_TASK_ID=trans_business_json
AIRFLOW_CTX_EXECUTION_DATE=2023-03-22T08:10:23.415675+00:00
AIRFLOW_CTX_DAG_RUN_ID=manual__2023-03-22T08:10:23.415675+00:00
[2023-03-22 08:11:02,942] {local_task_job.py:154} INFO - Task exited with return code Negsignal.SIGKILL
[2023-03-22 08:11:03,051] {taskinstance.py:1280} INFO - Marking task as FAILED. dag_id=etl_to_staging, task_id=trans_business_json, execution_date=20230322T081023, start_date=20230322T081033, end_date=20230322T081103
[2023-03-22 08:11:03,367] {local_task_job.py:264} INFO - 0 downstream tasks scheduled from follow-on schedule check
