[2023-03-21 05:30:58,137] {taskinstance.py:1035} INFO - Dependencies all met for <TaskInstance: transform_etl.Start_Proses_ETL manual__2023-03-21T05:30:56.302086+00:00 [queued]>
[2023-03-21 05:30:58,159] {taskinstance.py:1035} INFO - Dependencies all met for <TaskInstance: transform_etl.Start_Proses_ETL manual__2023-03-21T05:30:56.302086+00:00 [queued]>
[2023-03-21 05:30:58,160] {taskinstance.py:1241} INFO - 
--------------------------------------------------------------------------------
[2023-03-21 05:30:58,160] {taskinstance.py:1242} INFO - Starting attempt 1 of 1
[2023-03-21 05:30:58,161] {taskinstance.py:1243} INFO - 
--------------------------------------------------------------------------------
[2023-03-21 05:30:58,175] {taskinstance.py:1262} INFO - Executing <Task(PythonOperator): Start_Proses_ETL> on 2023-03-21 05:30:56.302086+00:00
[2023-03-21 05:30:58,180] {standard_task_runner.py:52} INFO - Started process 1245 to run task
[2023-03-21 05:30:58,185] {standard_task_runner.py:76} INFO - Running: ['***', 'tasks', 'run', 'transform_etl', 'Start_Proses_ETL', 'manual__2023-03-21T05:30:56.302086+00:00', '--job-id', '38', '--raw', '--subdir', 'DAGS_FOLDER/etl.py', '--cfg-path', '/tmp/tmpxzg6kjo9', '--error-file', '/tmp/tmpcsxirln7']
[2023-03-21 05:30:58,186] {standard_task_runner.py:77} INFO - Job 38: Subtask Start_Proses_ETL
[2023-03-21 05:30:58,278] {logging_mixin.py:109} INFO - Running <TaskInstance: transform_etl.Start_Proses_ETL manual__2023-03-21T05:30:56.302086+00:00 [running]> on host 8d5c7b966855
[2023-03-21 05:30:58,340] {taskinstance.py:1414} INFO - Exporting the following env vars:
AIRFLOW_CTX_DAG_OWNER=***
AIRFLOW_CTX_DAG_ID=transform_etl
AIRFLOW_CTX_TASK_ID=Start_Proses_ETL
AIRFLOW_CTX_EXECUTION_DATE=2023-03-21T05:30:56.302086+00:00
AIRFLOW_CTX_DAG_RUN_ID=manual__2023-03-21T05:30:56.302086+00:00
[2023-03-21 05:30:58,342] {logging_mixin.py:109} INFO - ETL Dimulai
[2023-03-21 05:30:58,342] {python.py:152} INFO - Done. Returned value was: None
[2023-03-21 05:30:58,358] {taskinstance.py:1280} INFO - Marking task as SUCCESS. dag_id=transform_etl, task_id=Start_Proses_ETL, execution_date=20230321T053056, start_date=20230321T053058, end_date=20230321T053058
[2023-03-21 05:30:58,397] {local_task_job.py:154} INFO - Task exited with return code 0
[2023-03-21 05:30:58,460] {local_task_job.py:264} INFO - 1 downstream tasks scheduled from follow-on schedule check
