[2023-03-22 06:38:43,792] {taskinstance.py:1035} INFO - Dependencies all met for <TaskInstance: load_to_DWlayer.sukses_Proses_Load_ToDW manual__2023-03-22T06:33:55.616835+00:00 [queued]>
[2023-03-22 06:38:43,844] {taskinstance.py:1035} INFO - Dependencies all met for <TaskInstance: load_to_DWlayer.sukses_Proses_Load_ToDW manual__2023-03-22T06:33:55.616835+00:00 [queued]>
[2023-03-22 06:38:43,845] {taskinstance.py:1241} INFO - 
--------------------------------------------------------------------------------
[2023-03-22 06:38:43,845] {taskinstance.py:1242} INFO - Starting attempt 1 of 1
[2023-03-22 06:38:43,846] {taskinstance.py:1243} INFO - 
--------------------------------------------------------------------------------
[2023-03-22 06:38:43,886] {taskinstance.py:1262} INFO - Executing <Task(PythonOperator): sukses_Proses_Load_ToDW> on 2023-03-22 06:33:55.616835+00:00
[2023-03-22 06:38:43,893] {standard_task_runner.py:52} INFO - Started process 1928 to run task
[2023-03-22 06:38:43,900] {standard_task_runner.py:76} INFO - Running: ['***', 'tasks', 'run', 'load_to_DWlayer', 'sukses_Proses_Load_ToDW', 'manual__2023-03-22T06:33:55.616835+00:00', '--job-id', '20', '--raw', '--subdir', 'DAGS_FOLDER/etl_warehouse.py', '--cfg-path', '/tmp/tmpmozplonj', '--error-file', '/tmp/tmpg38dh_dz']
[2023-03-22 06:38:43,902] {standard_task_runner.py:77} INFO - Job 20: Subtask sukses_Proses_Load_ToDW
[2023-03-22 06:38:43,984] {logging_mixin.py:109} INFO - Running <TaskInstance: load_to_DWlayer.sukses_Proses_Load_ToDW manual__2023-03-22T06:33:55.616835+00:00 [running]> on host 33f6658fc35a
[2023-03-22 06:38:44,111] {taskinstance.py:1414} INFO - Exporting the following env vars:
AIRFLOW_CTX_DAG_OWNER=***
AIRFLOW_CTX_DAG_ID=load_to_DWlayer
AIRFLOW_CTX_TASK_ID=sukses_Proses_Load_ToDW
AIRFLOW_CTX_EXECUTION_DATE=2023-03-22T06:33:55.616835+00:00
AIRFLOW_CTX_DAG_RUN_ID=manual__2023-03-22T06:33:55.616835+00:00
[2023-03-22 06:38:44,115] {logging_mixin.py:109} INFO - Etl Sukses Dilakukan
[2023-03-22 06:38:44,116] {python.py:152} INFO - Done. Returned value was: None
[2023-03-22 06:38:44,141] {taskinstance.py:1280} INFO - Marking task as SUCCESS. dag_id=load_to_DWlayer, task_id=sukses_Proses_Load_ToDW, execution_date=20230322T063355, start_date=20230322T063843, end_date=20230322T063844
[2023-03-22 06:38:44,202] {local_task_job.py:154} INFO - Task exited with return code 0
[2023-03-22 06:38:44,266] {local_task_job.py:264} INFO - 0 downstream tasks scheduled from follow-on schedule check
