[2023-03-21 03:36:34,477] {taskinstance.py:1035} INFO - Dependencies all met for <TaskInstance: transform_etl.trans_json manual__2023-03-21T03:36:30.487075+00:00 [queued]>
[2023-03-21 03:36:34,512] {taskinstance.py:1035} INFO - Dependencies all met for <TaskInstance: transform_etl.trans_json manual__2023-03-21T03:36:30.487075+00:00 [queued]>
[2023-03-21 03:36:34,512] {taskinstance.py:1241} INFO - 
--------------------------------------------------------------------------------
[2023-03-21 03:36:34,522] {taskinstance.py:1242} INFO - Starting attempt 1 of 1
[2023-03-21 03:36:34,528] {taskinstance.py:1243} INFO - 
--------------------------------------------------------------------------------
[2023-03-21 03:36:34,591] {taskinstance.py:1262} INFO - Executing <Task(PythonOperator): trans_json> on 2023-03-21 03:36:30.487075+00:00
[2023-03-21 03:36:34,601] {standard_task_runner.py:52} INFO - Started process 221 to run task
[2023-03-21 03:36:34,619] {standard_task_runner.py:76} INFO - Running: ['***', 'tasks', 'run', 'transform_etl', 'trans_json', 'manual__2023-03-21T03:36:30.487075+00:00', '--job-id', '10', '--raw', '--subdir', 'DAGS_FOLDER/etl.py', '--cfg-path', '/tmp/tmpinxa4paw', '--error-file', '/tmp/tmp7_ws2wfm']
[2023-03-21 03:36:34,625] {standard_task_runner.py:77} INFO - Job 10: Subtask trans_json
[2023-03-21 03:36:34,729] {logging_mixin.py:109} INFO - Running <TaskInstance: transform_etl.trans_json manual__2023-03-21T03:36:30.487075+00:00 [running]> on host 8d5c7b966855
[2023-03-21 03:36:34,807] {taskinstance.py:1414} INFO - Exporting the following env vars:
AIRFLOW_CTX_DAG_OWNER=***
AIRFLOW_CTX_DAG_ID=transform_etl
AIRFLOW_CTX_TASK_ID=trans_json
AIRFLOW_CTX_EXECUTION_DATE=2023-03-21T03:36:30.487075+00:00
AIRFLOW_CTX_DAG_RUN_ID=manual__2023-03-21T03:36:30.487075+00:00
[2023-03-21 03:36:44,525] {logging_mixin.py:109} INFO -               business_id  ...                                              hours
0  Pns2l4eNsfO8kk83dixA6A  ...                                               None
1  mpf3x-BjTdTEA3yCZrAYPw  ...  {'Monday': '0:0-0:0', 'Tuesday': '8:0-18:30', ...
2  tUFrWirKiKi_TAnsVWINQQ  ...  {'Monday': '8:0-22:0', 'Tuesday': '8:0-22:0', ...
3  MTSW4McQd7CbVtyjqoe9mw  ...  {'Monday': '7:0-20:0', 'Tuesday': '7:0-20:0', ...
4  mWMc6_wTdE0EUBKIGXDVfA  ...  {'Wednesday': '14:0-22:0', 'Thursday': '16:0-2...
5  CF33F8-E6oudUQ46HnavjQ  ...  {'Monday': '0:0-0:0', 'Tuesday': '6:0-22:0', '...
6  n_0UpQx1hsNbnPUSlodU8w  ...  {'Monday': '0:0-0:0', 'Tuesday': '10:0-18:0', ...
7  qkRM_2X51Yqxk3btlwAQIg  ...  {'Monday': '9:0-17:0', 'Tuesday': '9:0-17:0', ...
8  k0hlBqXX-Bt0vf1op7Jr1w  ...                                               None
9  bBDDEgkFA1Otx9Lfe7BZUQ  ...  {'Monday': '0:0-0:0', 'Tuesday': '6:0-21:0', '...

[10 rows x 14 columns]
[2023-03-21 03:36:52,949] {logging_mixin.py:109} INFO - Data berhasil disimpan ke json file
[2023-03-21 03:36:53,517] {python.py:152} INFO - Done. Returned value was: None
[2023-03-21 03:36:53,532] {taskinstance.py:1280} INFO - Marking task as SUCCESS. dag_id=transform_etl, task_id=trans_json, execution_date=20230321T033630, start_date=20230321T033634, end_date=20230321T033653
[2023-03-21 03:36:53,616] {local_task_job.py:154} INFO - Task exited with return code 0
[2023-03-21 03:36:53,658] {local_task_job.py:264} INFO - 1 downstream tasks scheduled from follow-on schedule check
