[2023-03-21 06:09:27,878] {taskinstance.py:1035} INFO - Dependencies all met for <TaskInstance: transform_etl.trans_business_json manual__2023-03-21T06:09:20.019905+00:00 [queued]>
[2023-03-21 06:09:27,894] {taskinstance.py:1035} INFO - Dependencies all met for <TaskInstance: transform_etl.trans_business_json manual__2023-03-21T06:09:20.019905+00:00 [queued]>
[2023-03-21 06:09:27,894] {taskinstance.py:1241} INFO - 
--------------------------------------------------------------------------------
[2023-03-21 06:09:27,895] {taskinstance.py:1242} INFO - Starting attempt 1 of 1
[2023-03-21 06:09:27,895] {taskinstance.py:1243} INFO - 
--------------------------------------------------------------------------------
[2023-03-21 06:09:27,917] {taskinstance.py:1262} INFO - Executing <Task(PythonOperator): trans_business_json> on 2023-03-21 06:09:20.019905+00:00
[2023-03-21 06:09:27,921] {standard_task_runner.py:52} INFO - Started process 114 to run task
[2023-03-21 06:09:27,924] {standard_task_runner.py:76} INFO - Running: ['***', 'tasks', 'run', 'transform_etl', 'trans_business_json', 'manual__2023-03-21T06:09:20.019905+00:00', '--job-id', '5', '--raw', '--subdir', 'DAGS_FOLDER/etl.py', '--cfg-path', '/tmp/tmpd2ovovpp', '--error-file', '/tmp/tmpwbk2r7fq']
[2023-03-21 06:09:27,925] {standard_task_runner.py:77} INFO - Job 5: Subtask trans_business_json
[2023-03-21 06:09:27,971] {logging_mixin.py:109} INFO - Running <TaskInstance: transform_etl.trans_business_json manual__2023-03-21T06:09:20.019905+00:00 [running]> on host 1ee5a3730c13
[2023-03-21 06:09:28,028] {taskinstance.py:1414} INFO - Exporting the following env vars:
AIRFLOW_CTX_DAG_OWNER=***
AIRFLOW_CTX_DAG_ID=transform_etl
AIRFLOW_CTX_TASK_ID=trans_business_json
AIRFLOW_CTX_EXECUTION_DATE=2023-03-21T06:09:20.019905+00:00
AIRFLOW_CTX_DAG_RUN_ID=manual__2023-03-21T06:09:20.019905+00:00
[2023-03-21 06:09:48,879] {logging_mixin.py:109} INFO - Data berhasil disimpan ke json file
[2023-03-21 06:09:49,376] {python.py:152} INFO - Done. Returned value was: None
[2023-03-21 06:09:49,395] {taskinstance.py:1280} INFO - Marking task as SUCCESS. dag_id=transform_etl, task_id=trans_business_json, execution_date=20230321T060920, start_date=20230321T060927, end_date=20230321T060949
[2023-03-21 06:09:49,501] {local_task_job.py:154} INFO - Task exited with return code 0
[2023-03-21 06:09:49,558] {local_task_job.py:264} INFO - 1 downstream tasks scheduled from follow-on schedule check
