[2023-03-21 05:45:09,243] {taskinstance.py:1035} INFO - Dependencies all met for <TaskInstance: transform_etl.trans_business_json manual__2023-03-21T05:45:05.792674+00:00 [queued]>
[2023-03-21 05:45:09,263] {taskinstance.py:1035} INFO - Dependencies all met for <TaskInstance: transform_etl.trans_business_json manual__2023-03-21T05:45:05.792674+00:00 [queued]>
[2023-03-21 05:45:09,263] {taskinstance.py:1241} INFO - 
--------------------------------------------------------------------------------
[2023-03-21 05:45:09,263] {taskinstance.py:1242} INFO - Starting attempt 1 of 1
[2023-03-21 05:45:09,264] {taskinstance.py:1243} INFO - 
--------------------------------------------------------------------------------
[2023-03-21 05:45:09,279] {taskinstance.py:1262} INFO - Executing <Task(PythonOperator): trans_business_json> on 2023-03-21 05:45:05.792674+00:00
[2023-03-21 05:45:09,283] {standard_task_runner.py:52} INFO - Started process 1486 to run task
[2023-03-21 05:45:09,287] {standard_task_runner.py:76} INFO - Running: ['***', 'tasks', 'run', 'transform_etl', 'trans_business_json', 'manual__2023-03-21T05:45:05.792674+00:00', '--job-id', '48', '--raw', '--subdir', 'DAGS_FOLDER/etl.py', '--cfg-path', '/tmp/tmpb_al66yh', '--error-file', '/tmp/tmp3m2_wt96']
[2023-03-21 05:45:09,287] {standard_task_runner.py:77} INFO - Job 48: Subtask trans_business_json
[2023-03-21 05:45:09,328] {logging_mixin.py:109} INFO - Running <TaskInstance: transform_etl.trans_business_json manual__2023-03-21T05:45:05.792674+00:00 [running]> on host 8d5c7b966855
[2023-03-21 05:45:09,392] {taskinstance.py:1414} INFO - Exporting the following env vars:
AIRFLOW_CTX_DAG_OWNER=***
AIRFLOW_CTX_DAG_ID=transform_etl
AIRFLOW_CTX_TASK_ID=trans_business_json
AIRFLOW_CTX_EXECUTION_DATE=2023-03-21T05:45:05.792674+00:00
AIRFLOW_CTX_DAG_RUN_ID=manual__2023-03-21T05:45:05.792674+00:00
[2023-03-21 05:45:16,145] {local_task_job.py:154} INFO - Task exited with return code Negsignal.SIGKILL
[2023-03-21 05:45:16,312] {taskinstance.py:1280} INFO - Marking task as FAILED. dag_id=transform_etl, task_id=trans_business_json, execution_date=20230321T054505, start_date=20230321T054509, end_date=20230321T054516
[2023-03-21 05:45:16,369] {local_task_job.py:264} INFO - 0 downstream tasks scheduled from follow-on schedule check
