[2023-03-22 06:34:00,379] {taskinstance.py:1035} INFO - Dependencies all met for <TaskInstance: load_to_DWlayer.load_to_dw manual__2023-03-22T06:33:55.616835+00:00 [queued]>
[2023-03-22 06:34:00,431] {taskinstance.py:1035} INFO - Dependencies all met for <TaskInstance: load_to_DWlayer.load_to_dw manual__2023-03-22T06:33:55.616835+00:00 [queued]>
[2023-03-22 06:34:00,432] {taskinstance.py:1241} INFO - 
--------------------------------------------------------------------------------
[2023-03-22 06:34:00,432] {taskinstance.py:1242} INFO - Starting attempt 1 of 1
[2023-03-22 06:34:00,433] {taskinstance.py:1243} INFO - 
--------------------------------------------------------------------------------
[2023-03-22 06:34:00,468] {taskinstance.py:1262} INFO - Executing <Task(PythonOperator): load_to_dw> on 2023-03-22 06:33:55.616835+00:00
[2023-03-22 06:34:00,475] {standard_task_runner.py:52} INFO - Started process 1785 to run task
[2023-03-22 06:34:00,482] {standard_task_runner.py:76} INFO - Running: ['***', 'tasks', 'run', 'load_to_DWlayer', 'load_to_dw', 'manual__2023-03-22T06:33:55.616835+00:00', '--job-id', '19', '--raw', '--subdir', 'DAGS_FOLDER/etl_warehouse.py', '--cfg-path', '/tmp/tmpq0bgmiig', '--error-file', '/tmp/tmpbalkpm8s']
[2023-03-22 06:34:00,484] {standard_task_runner.py:77} INFO - Job 19: Subtask load_to_dw
[2023-03-22 06:34:00,569] {logging_mixin.py:109} INFO - Running <TaskInstance: load_to_DWlayer.load_to_dw manual__2023-03-22T06:33:55.616835+00:00 [running]> on host 33f6658fc35a
[2023-03-22 06:34:00,690] {taskinstance.py:1414} INFO - Exporting the following env vars:
AIRFLOW_CTX_DAG_OWNER=***
AIRFLOW_CTX_DAG_ID=load_to_DWlayer
AIRFLOW_CTX_TASK_ID=load_to_dw
AIRFLOW_CTX_EXECUTION_DATE=2023-03-22T06:33:55.616835+00:00
AIRFLOW_CTX_DAG_RUN_ID=manual__2023-03-22T06:33:55.616835+00:00
[2023-03-22 06:38:41,108] {python.py:152} INFO - Done. Returned value was: None
[2023-03-22 06:38:41,139] {taskinstance.py:1280} INFO - Marking task as SUCCESS. dag_id=load_to_DWlayer, task_id=load_to_dw, execution_date=20230322T063355, start_date=20230322T063400, end_date=20230322T063841
[2023-03-22 06:38:41,245] {local_task_job.py:154} INFO - Task exited with return code 0
[2023-03-22 06:38:41,313] {local_task_job.py:264} INFO - 1 downstream tasks scheduled from follow-on schedule check
