[2023-03-21 05:34:36,594] {taskinstance.py:1035} INFO - Dependencies all met for <TaskInstance: transform_etl.trans_csv manual__2023-03-21T05:34:33.985787+00:00 [queued]>
[2023-03-21 05:34:36,612] {taskinstance.py:1035} INFO - Dependencies all met for <TaskInstance: transform_etl.trans_csv manual__2023-03-21T05:34:33.985787+00:00 [queued]>
[2023-03-21 05:34:36,613] {taskinstance.py:1241} INFO - 
--------------------------------------------------------------------------------
[2023-03-21 05:34:36,614] {taskinstance.py:1242} INFO - Starting attempt 1 of 1
[2023-03-21 05:34:36,614] {taskinstance.py:1243} INFO - 
--------------------------------------------------------------------------------
[2023-03-21 05:34:36,628] {taskinstance.py:1262} INFO - Executing <Task(PythonOperator): trans_csv> on 2023-03-21 05:34:33.985787+00:00
[2023-03-21 05:34:36,632] {standard_task_runner.py:52} INFO - Started process 1388 to run task
[2023-03-21 05:34:36,635] {standard_task_runner.py:76} INFO - Running: ['***', 'tasks', 'run', 'transform_etl', 'trans_csv', 'manual__2023-03-21T05:34:33.985787+00:00', '--job-id', '44', '--raw', '--subdir', 'DAGS_FOLDER/etl.py', '--cfg-path', '/tmp/tmp9ce_fuhb', '--error-file', '/tmp/tmpm87_mrbp']
[2023-03-21 05:34:36,636] {standard_task_runner.py:77} INFO - Job 44: Subtask trans_csv
[2023-03-21 05:34:36,675] {logging_mixin.py:109} INFO - Running <TaskInstance: transform_etl.trans_csv manual__2023-03-21T05:34:33.985787+00:00 [running]> on host 8d5c7b966855
[2023-03-21 05:34:36,724] {taskinstance.py:1414} INFO - Exporting the following env vars:
AIRFLOW_CTX_DAG_OWNER=***
AIRFLOW_CTX_DAG_ID=transform_etl
AIRFLOW_CTX_TASK_ID=trans_csv
AIRFLOW_CTX_EXECUTION_DATE=2023-03-21T05:34:33.985787+00:00
AIRFLOW_CTX_DAG_RUN_ID=manual__2023-03-21T05:34:33.985787+00:00
[2023-03-21 05:34:37,160] {logging_mixin.py:109} INFO - Data berhasil disimpan ke csv file
[2023-03-21 05:34:37,161] {python.py:152} INFO - Done. Returned value was: None
[2023-03-21 05:34:37,172] {taskinstance.py:1280} INFO - Marking task as SUCCESS. dag_id=transform_etl, task_id=trans_csv, execution_date=20230321T053433, start_date=20230321T053436, end_date=20230321T053437
[2023-03-21 05:34:37,209] {local_task_job.py:154} INFO - Task exited with return code 0
[2023-03-21 05:34:37,274] {local_task_job.py:264} INFO - 1 downstream tasks scheduled from follow-on schedule check
