[2023-03-21 05:08:15,199] {taskinstance.py:1035} INFO - Dependencies all met for <TaskInstance: transform_etl.trans_json manual__2023-03-21T05:08:09.624952+00:00 [queued]>
[2023-03-21 05:08:15,221] {taskinstance.py:1035} INFO - Dependencies all met for <TaskInstance: transform_etl.trans_json manual__2023-03-21T05:08:09.624952+00:00 [queued]>
[2023-03-21 05:08:15,222] {taskinstance.py:1241} INFO - 
--------------------------------------------------------------------------------
[2023-03-21 05:08:15,222] {taskinstance.py:1242} INFO - Starting attempt 1 of 1
[2023-03-21 05:08:15,223] {taskinstance.py:1243} INFO - 
--------------------------------------------------------------------------------
[2023-03-21 05:08:15,238] {taskinstance.py:1262} INFO - Executing <Task(PythonOperator): trans_json> on 2023-03-21 05:08:09.624952+00:00
[2023-03-21 05:08:15,242] {standard_task_runner.py:52} INFO - Started process 869 to run task
[2023-03-21 05:08:15,247] {standard_task_runner.py:76} INFO - Running: ['***', 'tasks', 'run', 'transform_etl', 'trans_json', 'manual__2023-03-21T05:08:09.624952+00:00', '--job-id', '34', '--raw', '--subdir', 'DAGS_FOLDER/etl.py', '--cfg-path', '/tmp/tmp5nkkuh24', '--error-file', '/tmp/tmpmqxrigwo']
[2023-03-21 05:08:15,247] {standard_task_runner.py:77} INFO - Job 34: Subtask trans_json
[2023-03-21 05:08:15,306] {logging_mixin.py:109} INFO - Running <TaskInstance: transform_etl.trans_json manual__2023-03-21T05:08:09.624952+00:00 [running]> on host 8d5c7b966855
[2023-03-21 05:08:15,358] {taskinstance.py:1414} INFO - Exporting the following env vars:
AIRFLOW_CTX_DAG_OWNER=***
AIRFLOW_CTX_DAG_ID=transform_etl
AIRFLOW_CTX_TASK_ID=trans_json
AIRFLOW_CTX_EXECUTION_DATE=2023-03-21T05:08:09.624952+00:00
AIRFLOW_CTX_DAG_RUN_ID=manual__2023-03-21T05:08:09.624952+00:00
[2023-03-21 05:09:01,477] {local_task_job.py:154} INFO - Task exited with return code Negsignal.SIGKILL
[2023-03-21 05:09:01,531] {taskinstance.py:1280} INFO - Marking task as FAILED. dag_id=transform_etl, task_id=trans_json, execution_date=20230321T050809, start_date=20230321T050815, end_date=20230321T050901
[2023-03-21 05:09:01,651] {local_task_job.py:264} INFO - 0 downstream tasks scheduled from follow-on schedule check
