[2023-03-21 03:36:54,635] {taskinstance.py:1035} INFO - Dependencies all met for <TaskInstance: transform_etl.load_mysql manual__2023-03-21T03:36:30.487075+00:00 [queued]>
[2023-03-21 03:36:54,650] {taskinstance.py:1035} INFO - Dependencies all met for <TaskInstance: transform_etl.load_mysql manual__2023-03-21T03:36:30.487075+00:00 [queued]>
[2023-03-21 03:36:54,651] {taskinstance.py:1241} INFO - 
--------------------------------------------------------------------------------
[2023-03-21 03:36:54,652] {taskinstance.py:1242} INFO - Starting attempt 1 of 1
[2023-03-21 03:36:54,652] {taskinstance.py:1243} INFO - 
--------------------------------------------------------------------------------
[2023-03-21 03:36:54,675] {taskinstance.py:1262} INFO - Executing <Task(PythonOperator): load_mysql> on 2023-03-21 03:36:30.487075+00:00
[2023-03-21 03:36:54,680] {standard_task_runner.py:52} INFO - Started process 233 to run task
[2023-03-21 03:36:54,684] {standard_task_runner.py:76} INFO - Running: ['***', 'tasks', 'run', 'transform_etl', 'load_mysql', 'manual__2023-03-21T03:36:30.487075+00:00', '--job-id', '11', '--raw', '--subdir', 'DAGS_FOLDER/etl.py', '--cfg-path', '/tmp/tmpswklbjsg', '--error-file', '/tmp/tmp2124t9h_']
[2023-03-21 03:36:54,685] {standard_task_runner.py:77} INFO - Job 11: Subtask load_mysql
[2023-03-21 03:36:54,743] {logging_mixin.py:109} INFO - Running <TaskInstance: transform_etl.load_mysql manual__2023-03-21T03:36:30.487075+00:00 [running]> on host 8d5c7b966855
[2023-03-21 03:36:54,831] {taskinstance.py:1414} INFO - Exporting the following env vars:
AIRFLOW_CTX_DAG_OWNER=***
AIRFLOW_CTX_DAG_ID=transform_etl
AIRFLOW_CTX_TASK_ID=load_mysql
AIRFLOW_CTX_EXECUTION_DATE=2023-03-21T03:36:30.487075+00:00
AIRFLOW_CTX_DAG_RUN_ID=manual__2023-03-21T03:36:30.487075+00:00
[2023-03-21 03:37:02,589] {python.py:152} INFO - Done. Returned value was: None
[2023-03-21 03:37:02,600] {taskinstance.py:1280} INFO - Marking task as SUCCESS. dag_id=transform_etl, task_id=load_mysql, execution_date=20230321T033630, start_date=20230321T033654, end_date=20230321T033702
[2023-03-21 03:37:02,655] {local_task_job.py:154} INFO - Task exited with return code 0
[2023-03-21 03:37:02,730] {local_task_job.py:264} INFO - 1 downstream tasks scheduled from follow-on schedule check
