[2023-03-21 03:13:18,470] {taskinstance.py:1035} INFO - Dependencies all met for <TaskInstance: transform_etl.trans_csv manual__2023-03-21T03:13:12.575536+00:00 [queued]>
[2023-03-21 03:13:18,502] {taskinstance.py:1035} INFO - Dependencies all met for <TaskInstance: transform_etl.trans_csv manual__2023-03-21T03:13:12.575536+00:00 [queued]>
[2023-03-21 03:13:18,502] {taskinstance.py:1241} INFO - 
--------------------------------------------------------------------------------
[2023-03-21 03:13:18,503] {taskinstance.py:1242} INFO - Starting attempt 1 of 1
[2023-03-21 03:13:18,503] {taskinstance.py:1243} INFO - 
--------------------------------------------------------------------------------
[2023-03-21 03:13:18,524] {taskinstance.py:1262} INFO - Executing <Task(PythonOperator): trans_csv> on 2023-03-21 03:13:12.575536+00:00
[2023-03-21 03:13:18,528] {standard_task_runner.py:52} INFO - Started process 923 to run task
[2023-03-21 03:13:18,532] {standard_task_runner.py:76} INFO - Running: ['***', 'tasks', 'run', 'transform_etl', 'trans_csv', 'manual__2023-03-21T03:13:12.575536+00:00', '--job-id', '3', '--raw', '--subdir', 'DAGS_FOLDER/etl.py', '--cfg-path', '/tmp/tmpy8c6h57p', '--error-file', '/tmp/tmpityaskx_']
[2023-03-21 03:13:18,533] {standard_task_runner.py:77} INFO - Job 3: Subtask trans_csv
[2023-03-21 03:13:18,578] {logging_mixin.py:109} INFO - Running <TaskInstance: transform_etl.trans_csv manual__2023-03-21T03:13:12.575536+00:00 [running]> on host 8d5c7b966855
[2023-03-21 03:13:18,646] {taskinstance.py:1414} INFO - Exporting the following env vars:
AIRFLOW_CTX_DAG_OWNER=***
AIRFLOW_CTX_DAG_ID=transform_etl
AIRFLOW_CTX_TASK_ID=trans_csv
AIRFLOW_CTX_EXECUTION_DATE=2023-03-21T03:13:12.575536+00:00
AIRFLOW_CTX_DAG_RUN_ID=manual__2023-03-21T03:13:12.575536+00:00
[2023-03-21 03:13:18,837] {logging_mixin.py:109} INFO -                            date precipitation  precipitation_normal
0 1970-01-01 00:00:00.019480906          0.00                  2.87
1 1970-01-01 00:00:00.019480907          0.00                  2.88
2 1970-01-01 00:00:00.019480908          0.00                  2.89
3 1970-01-01 00:00:00.019480909          0.00                  2.90
4 1970-01-01 00:00:00.019480910          0.00                  2.92
5 1970-01-01 00:00:00.019480911          0.00                  2.93
6 1970-01-01 00:00:00.019480912          0.00                  2.94
7 1970-01-01 00:00:00.019480913          0.00                  2.95
8 1970-01-01 00:00:00.019480914          0.00                  2.96
9 1970-01-01 00:00:00.019480915          0.00                  2.98
[2023-03-21 03:13:18,999] {logging_mixin.py:109} INFO - Data berhasil disimpan ke csv file
[2023-03-21 03:13:19,000] {python.py:152} INFO - Done. Returned value was: None
[2023-03-21 03:13:19,014] {taskinstance.py:1280} INFO - Marking task as SUCCESS. dag_id=transform_etl, task_id=trans_csv, execution_date=20230321T031312, start_date=20230321T031318, end_date=20230321T031319
[2023-03-21 03:13:19,073] {local_task_job.py:154} INFO - Task exited with return code 0
[2023-03-21 03:13:19,119] {local_task_job.py:264} INFO - 1 downstream tasks scheduled from follow-on schedule check
