[2023-03-21 05:45:07,015] {taskinstance.py:1035} INFO - Dependencies all met for <TaskInstance: transform_etl.Start_Proses_ETL manual__2023-03-21T05:45:05.792674+00:00 [queued]>
[2023-03-21 05:45:07,035] {taskinstance.py:1035} INFO - Dependencies all met for <TaskInstance: transform_etl.Start_Proses_ETL manual__2023-03-21T05:45:05.792674+00:00 [queued]>
[2023-03-21 05:45:07,036] {taskinstance.py:1241} INFO - 
--------------------------------------------------------------------------------
[2023-03-21 05:45:07,036] {taskinstance.py:1242} INFO - Starting attempt 1 of 1
[2023-03-21 05:45:07,037] {taskinstance.py:1243} INFO - 
--------------------------------------------------------------------------------
[2023-03-21 05:45:07,051] {taskinstance.py:1262} INFO - Executing <Task(PythonOperator): Start_Proses_ETL> on 2023-03-21 05:45:05.792674+00:00
[2023-03-21 05:45:07,055] {standard_task_runner.py:52} INFO - Started process 1482 to run task
[2023-03-21 05:45:07,058] {standard_task_runner.py:76} INFO - Running: ['***', 'tasks', 'run', 'transform_etl', 'Start_Proses_ETL', 'manual__2023-03-21T05:45:05.792674+00:00', '--job-id', '46', '--raw', '--subdir', 'DAGS_FOLDER/etl.py', '--cfg-path', '/tmp/tmpd1b8r_g8', '--error-file', '/tmp/tmpntgnmm_0']
[2023-03-21 05:45:07,059] {standard_task_runner.py:77} INFO - Job 46: Subtask Start_Proses_ETL
[2023-03-21 05:45:07,099] {logging_mixin.py:109} INFO - Running <TaskInstance: transform_etl.Start_Proses_ETL manual__2023-03-21T05:45:05.792674+00:00 [running]> on host 8d5c7b966855
[2023-03-21 05:45:07,145] {taskinstance.py:1414} INFO - Exporting the following env vars:
AIRFLOW_CTX_DAG_OWNER=***
AIRFLOW_CTX_DAG_ID=transform_etl
AIRFLOW_CTX_TASK_ID=Start_Proses_ETL
AIRFLOW_CTX_EXECUTION_DATE=2023-03-21T05:45:05.792674+00:00
AIRFLOW_CTX_DAG_RUN_ID=manual__2023-03-21T05:45:05.792674+00:00
[2023-03-21 05:45:07,147] {logging_mixin.py:109} INFO - ETL Dimulai
[2023-03-21 05:45:07,147] {python.py:152} INFO - Done. Returned value was: None
[2023-03-21 05:45:07,158] {taskinstance.py:1280} INFO - Marking task as SUCCESS. dag_id=transform_etl, task_id=Start_Proses_ETL, execution_date=20230321T054505, start_date=20230321T054507, end_date=20230321T054507
[2023-03-21 05:45:07,191] {local_task_job.py:154} INFO - Task exited with return code 0
[2023-03-21 05:45:07,237] {local_task_job.py:264} INFO - 1 downstream tasks scheduled from follow-on schedule check
