[2023-03-22 07:49:07,464] {taskinstance.py:1035} INFO - Dependencies all met for <TaskInstance: load_to_datamart.Start_Proses_Load_to_datamart manual__2023-03-22T07:49:03.341650+00:00 [queued]>
[2023-03-22 07:49:07,502] {taskinstance.py:1035} INFO - Dependencies all met for <TaskInstance: load_to_datamart.Start_Proses_Load_to_datamart manual__2023-03-22T07:49:03.341650+00:00 [queued]>
[2023-03-22 07:49:07,503] {taskinstance.py:1241} INFO - 
--------------------------------------------------------------------------------
[2023-03-22 07:49:07,504] {taskinstance.py:1242} INFO - Starting attempt 1 of 1
[2023-03-22 07:49:07,504] {taskinstance.py:1243} INFO - 
--------------------------------------------------------------------------------
[2023-03-22 07:49:07,531] {taskinstance.py:1262} INFO - Executing <Task(PythonOperator): Start_Proses_Load_to_datamart> on 2023-03-22 07:49:03.341650+00:00
[2023-03-22 07:49:07,538] {standard_task_runner.py:52} INFO - Started process 140 to run task
[2023-03-22 07:49:07,544] {standard_task_runner.py:76} INFO - Running: ['***', 'tasks', 'run', 'load_to_datamart', 'Start_Proses_Load_to_datamart', 'manual__2023-03-22T07:49:03.341650+00:00', '--job-id', '3', '--raw', '--subdir', 'DAGS_FOLDER/mart_layer.py', '--cfg-path', '/tmp/tmp_m6gc4l7', '--error-file', '/tmp/tmpz7u4n82x']
[2023-03-22 07:49:07,548] {standard_task_runner.py:77} INFO - Job 3: Subtask Start_Proses_Load_to_datamart
[2023-03-22 07:49:07,627] {logging_mixin.py:109} INFO - Running <TaskInstance: load_to_datamart.Start_Proses_Load_to_datamart manual__2023-03-22T07:49:03.341650+00:00 [running]> on host c456fd334a3e
[2023-03-22 07:49:07,716] {taskinstance.py:1414} INFO - Exporting the following env vars:
AIRFLOW_CTX_DAG_OWNER=***
AIRFLOW_CTX_DAG_ID=load_to_datamart
AIRFLOW_CTX_TASK_ID=Start_Proses_Load_to_datamart
AIRFLOW_CTX_EXECUTION_DATE=2023-03-22T07:49:03.341650+00:00
AIRFLOW_CTX_DAG_RUN_ID=manual__2023-03-22T07:49:03.341650+00:00
[2023-03-22 07:49:07,718] {logging_mixin.py:109} INFO - ETL Dimulai
[2023-03-22 07:49:07,718] {python.py:152} INFO - Done. Returned value was: None
[2023-03-22 07:49:07,739] {taskinstance.py:1280} INFO - Marking task as SUCCESS. dag_id=load_to_datamart, task_id=Start_Proses_Load_to_datamart, execution_date=20230322T074903, start_date=20230322T074907, end_date=20230322T074907
[2023-03-22 07:49:07,797] {local_task_job.py:154} INFO - Task exited with return code 0
[2023-03-22 07:49:07,888] {local_task_job.py:264} INFO - 1 downstream tasks scheduled from follow-on schedule check
