[2023-03-21 05:31:02,181] {taskinstance.py:1035} INFO - Dependencies all met for <TaskInstance: transform_etl.trans_business_json manual__2023-03-21T05:30:56.302086+00:00 [queued]>
[2023-03-21 05:31:02,200] {taskinstance.py:1035} INFO - Dependencies all met for <TaskInstance: transform_etl.trans_business_json manual__2023-03-21T05:30:56.302086+00:00 [queued]>
[2023-03-21 05:31:02,200] {taskinstance.py:1241} INFO - 
--------------------------------------------------------------------------------
[2023-03-21 05:31:02,201] {taskinstance.py:1242} INFO - Starting attempt 1 of 1
[2023-03-21 05:31:02,201] {taskinstance.py:1243} INFO - 
--------------------------------------------------------------------------------
[2023-03-21 05:31:02,216] {taskinstance.py:1262} INFO - Executing <Task(PythonOperator): trans_business_json> on 2023-03-21 05:30:56.302086+00:00
[2023-03-21 05:31:02,220] {standard_task_runner.py:52} INFO - Started process 1249 to run task
[2023-03-21 05:31:02,223] {standard_task_runner.py:76} INFO - Running: ['***', 'tasks', 'run', 'transform_etl', 'trans_business_json', 'manual__2023-03-21T05:30:56.302086+00:00', '--job-id', '40', '--raw', '--subdir', 'DAGS_FOLDER/etl.py', '--cfg-path', '/tmp/tmptu4i0jrg', '--error-file', '/tmp/tmpg13blywa']
[2023-03-21 05:31:02,223] {standard_task_runner.py:77} INFO - Job 40: Subtask trans_business_json
[2023-03-21 05:31:02,265] {logging_mixin.py:109} INFO - Running <TaskInstance: transform_etl.trans_business_json manual__2023-03-21T05:30:56.302086+00:00 [running]> on host 8d5c7b966855
[2023-03-21 05:31:02,311] {taskinstance.py:1414} INFO - Exporting the following env vars:
AIRFLOW_CTX_DAG_OWNER=***
AIRFLOW_CTX_DAG_ID=transform_etl
AIRFLOW_CTX_TASK_ID=trans_business_json
AIRFLOW_CTX_EXECUTION_DATE=2023-03-21T05:30:56.302086+00:00
AIRFLOW_CTX_DAG_RUN_ID=manual__2023-03-21T05:30:56.302086+00:00
[2023-03-21 05:31:16,199] {logging_mixin.py:109} INFO - Data berhasil disimpan ke json file
[2023-03-21 05:31:16,610] {python.py:152} INFO - Done. Returned value was: None
[2023-03-21 05:31:16,629] {taskinstance.py:1280} INFO - Marking task as SUCCESS. dag_id=transform_etl, task_id=trans_business_json, execution_date=20230321T053056, start_date=20230321T053102, end_date=20230321T053116
[2023-03-21 05:31:16,696] {local_task_job.py:154} INFO - Task exited with return code 0
[2023-03-21 05:31:16,756] {local_task_job.py:264} INFO - 1 downstream tasks scheduled from follow-on schedule check
