[2023-03-22 08:29:49,371] {taskinstance.py:1035} INFO - Dependencies all met for <TaskInstance: load_to_DWlayer.load_to_dw manual__2023-03-22T08:29:47.330252+00:00 [queued]>
[2023-03-22 08:29:49,392] {taskinstance.py:1035} INFO - Dependencies all met for <TaskInstance: load_to_DWlayer.load_to_dw manual__2023-03-22T08:29:47.330252+00:00 [queued]>
[2023-03-22 08:29:49,393] {taskinstance.py:1241} INFO - 
--------------------------------------------------------------------------------
[2023-03-22 08:29:49,393] {taskinstance.py:1242} INFO - Starting attempt 1 of 1
[2023-03-22 08:29:49,394] {taskinstance.py:1243} INFO - 
--------------------------------------------------------------------------------
[2023-03-22 08:29:49,407] {taskinstance.py:1262} INFO - Executing <Task(PythonOperator): load_to_dw> on 2023-03-22 08:29:47.330252+00:00
[2023-03-22 08:29:49,411] {standard_task_runner.py:52} INFO - Started process 604 to run task
[2023-03-22 08:29:49,414] {standard_task_runner.py:76} INFO - Running: ['***', 'tasks', 'run', 'load_to_DWlayer', 'load_to_dw', 'manual__2023-03-22T08:29:47.330252+00:00', '--job-id', '15', '--raw', '--subdir', 'DAGS_FOLDER/etl_warehouse.py', '--cfg-path', '/tmp/tmpp0ob12cf', '--error-file', '/tmp/tmpn05aqx_z']
[2023-03-22 08:29:49,414] {standard_task_runner.py:77} INFO - Job 15: Subtask load_to_dw
[2023-03-22 08:29:49,453] {logging_mixin.py:109} INFO - Running <TaskInstance: load_to_DWlayer.load_to_dw manual__2023-03-22T08:29:47.330252+00:00 [running]> on host 2bbf1c230888
[2023-03-22 08:29:49,501] {taskinstance.py:1414} INFO - Exporting the following env vars:
AIRFLOW_CTX_DAG_OWNER=***
AIRFLOW_CTX_DAG_ID=load_to_DWlayer
AIRFLOW_CTX_TASK_ID=load_to_dw
AIRFLOW_CTX_EXECUTION_DATE=2023-03-22T08:29:47.330252+00:00
AIRFLOW_CTX_DAG_RUN_ID=manual__2023-03-22T08:29:47.330252+00:00
[2023-03-22 08:32:24,243] {python.py:152} INFO - Done. Returned value was: None
[2023-03-22 08:32:24,256] {taskinstance.py:1280} INFO - Marking task as SUCCESS. dag_id=load_to_DWlayer, task_id=load_to_dw, execution_date=20230322T082947, start_date=20230322T082949, end_date=20230322T083224
[2023-03-22 08:32:24,300] {local_task_job.py:154} INFO - Task exited with return code 0
[2023-03-22 08:32:24,334] {local_task_job.py:264} INFO - 1 downstream tasks scheduled from follow-on schedule check
