[2023-03-22 08:17:47,501] {taskinstance.py:1035} INFO - Dependencies all met for <TaskInstance: etl_to_staging.trans_business_json manual__2023-03-22T08:17:42.345930+00:00 [queued]>
[2023-03-22 08:17:47,533] {taskinstance.py:1035} INFO - Dependencies all met for <TaskInstance: etl_to_staging.trans_business_json manual__2023-03-22T08:17:42.345930+00:00 [queued]>
[2023-03-22 08:17:47,534] {taskinstance.py:1241} INFO - 
--------------------------------------------------------------------------------
[2023-03-22 08:17:47,534] {taskinstance.py:1242} INFO - Starting attempt 1 of 1
[2023-03-22 08:17:47,535] {taskinstance.py:1243} INFO - 
--------------------------------------------------------------------------------
[2023-03-22 08:17:47,564] {taskinstance.py:1262} INFO - Executing <Task(PythonOperator): trans_business_json> on 2023-03-22 08:17:42.345930+00:00
[2023-03-22 08:17:47,568] {standard_task_runner.py:52} INFO - Started process 133 to run task
[2023-03-22 08:17:47,575] {standard_task_runner.py:76} INFO - Running: ['***', 'tasks', 'run', 'etl_to_staging', 'trans_business_json', 'manual__2023-03-22T08:17:42.345930+00:00', '--job-id', '10', '--raw', '--subdir', 'DAGS_FOLDER/etl_staging.py', '--cfg-path', '/tmp/tmpju_re2wi', '--error-file', '/tmp/tmpv3mjskm0']
[2023-03-22 08:17:47,576] {standard_task_runner.py:77} INFO - Job 10: Subtask trans_business_json
[2023-03-22 08:17:47,652] {logging_mixin.py:109} INFO - Running <TaskInstance: etl_to_staging.trans_business_json manual__2023-03-22T08:17:42.345930+00:00 [running]> on host 2bbf1c230888
[2023-03-22 08:17:47,764] {taskinstance.py:1414} INFO - Exporting the following env vars:
AIRFLOW_CTX_DAG_OWNER=***
AIRFLOW_CTX_DAG_ID=etl_to_staging
AIRFLOW_CTX_TASK_ID=trans_business_json
AIRFLOW_CTX_EXECUTION_DATE=2023-03-22T08:17:42.345930+00:00
AIRFLOW_CTX_DAG_RUN_ID=manual__2023-03-22T08:17:42.345930+00:00
[2023-03-22 08:18:03,125] {logging_mixin.py:109} INFO - Data berhasil disimpan ke json file
[2023-03-22 08:18:03,468] {python.py:152} INFO - Done. Returned value was: None
[2023-03-22 08:18:03,481] {taskinstance.py:1280} INFO - Marking task as SUCCESS. dag_id=etl_to_staging, task_id=trans_business_json, execution_date=20230322T081742, start_date=20230322T081747, end_date=20230322T081803
[2023-03-22 08:18:03,546] {local_task_job.py:154} INFO - Task exited with return code 0
[2023-03-22 08:18:03,584] {local_task_job.py:264} INFO - 1 downstream tasks scheduled from follow-on schedule check
