[2023-03-22 03:25:00,122] {taskinstance.py:1035} INFO - Dependencies all met for <TaskInstance: etl_to_staging.trans_business_json manual__2023-03-22T03:24:49.750316+00:00 [queued]>
[2023-03-22 03:25:00,165] {taskinstance.py:1035} INFO - Dependencies all met for <TaskInstance: etl_to_staging.trans_business_json manual__2023-03-22T03:24:49.750316+00:00 [queued]>
[2023-03-22 03:25:00,165] {taskinstance.py:1241} INFO - 
--------------------------------------------------------------------------------
[2023-03-22 03:25:00,166] {taskinstance.py:1242} INFO - Starting attempt 1 of 1
[2023-03-22 03:25:00,166] {taskinstance.py:1243} INFO - 
--------------------------------------------------------------------------------
[2023-03-22 03:25:00,212] {taskinstance.py:1262} INFO - Executing <Task(PythonOperator): trans_business_json> on 2023-03-22 03:24:49.750316+00:00
[2023-03-22 03:25:00,223] {standard_task_runner.py:52} INFO - Started process 195 to run task
[2023-03-22 03:25:00,227] {standard_task_runner.py:76} INFO - Running: ['***', 'tasks', 'run', 'etl_to_staging', 'trans_business_json', 'manual__2023-03-22T03:24:49.750316+00:00', '--job-id', '5', '--raw', '--subdir', 'DAGS_FOLDER/etl_staging.py', '--cfg-path', '/tmp/tmp9kh98_yd', '--error-file', '/tmp/tmpee2bz8i4']
[2023-03-22 03:25:00,228] {standard_task_runner.py:77} INFO - Job 5: Subtask trans_business_json
[2023-03-22 03:25:00,297] {logging_mixin.py:109} INFO - Running <TaskInstance: etl_to_staging.trans_business_json manual__2023-03-22T03:24:49.750316+00:00 [running]> on host 495f2f48b8c7
[2023-03-22 03:25:00,391] {taskinstance.py:1414} INFO - Exporting the following env vars:
AIRFLOW_CTX_DAG_OWNER=***
AIRFLOW_CTX_DAG_ID=etl_to_staging
AIRFLOW_CTX_TASK_ID=trans_business_json
AIRFLOW_CTX_EXECUTION_DATE=2023-03-22T03:24:49.750316+00:00
AIRFLOW_CTX_DAG_RUN_ID=manual__2023-03-22T03:24:49.750316+00:00
[2023-03-22 03:25:17,708] {logging_mixin.py:109} INFO - Data berhasil disimpan ke json file
[2023-03-22 03:25:18,030] {python.py:152} INFO - Done. Returned value was: None
[2023-03-22 03:25:18,041] {taskinstance.py:1280} INFO - Marking task as SUCCESS. dag_id=etl_to_staging, task_id=trans_business_json, execution_date=20230322T032449, start_date=20230322T032500, end_date=20230322T032518
[2023-03-22 03:25:18,110] {local_task_job.py:154} INFO - Task exited with return code 0
[2023-03-22 03:25:18,175] {local_task_job.py:264} INFO - 1 downstream tasks scheduled from follow-on schedule check
