[2023-03-22 04:00:30,071] {taskinstance.py:1035} INFO - Dependencies all met for <TaskInstance: etl_to_staging.trans_checkin_json manual__2023-03-22T03:55:39.287737+00:00 [queued]>
[2023-03-22 04:00:30,113] {taskinstance.py:1035} INFO - Dependencies all met for <TaskInstance: etl_to_staging.trans_checkin_json manual__2023-03-22T03:55:39.287737+00:00 [queued]>
[2023-03-22 04:00:30,114] {taskinstance.py:1241} INFO - 
--------------------------------------------------------------------------------
[2023-03-22 04:00:30,114] {taskinstance.py:1242} INFO - Starting attempt 1 of 1
[2023-03-22 04:00:30,115] {taskinstance.py:1243} INFO - 
--------------------------------------------------------------------------------
[2023-03-22 04:00:30,161] {taskinstance.py:1262} INFO - Executing <Task(PythonOperator): trans_checkin_json> on 2023-03-22 03:55:39.287737+00:00
[2023-03-22 04:00:30,168] {standard_task_runner.py:52} INFO - Started process 168 to run task
[2023-03-22 04:00:30,174] {standard_task_runner.py:76} INFO - Running: ['***', 'tasks', 'run', 'etl_to_staging', 'trans_checkin_json', 'manual__2023-03-22T03:55:39.287737+00:00', '--job-id', '6', '--raw', '--subdir', 'DAGS_FOLDER/etl_staging.py', '--cfg-path', '/tmp/tmpbuaa3fld', '--error-file', '/tmp/tmpvd3iczk8']
[2023-03-22 04:00:30,175] {standard_task_runner.py:77} INFO - Job 6: Subtask trans_checkin_json
[2023-03-22 04:00:30,271] {logging_mixin.py:109} INFO - Running <TaskInstance: etl_to_staging.trans_checkin_json manual__2023-03-22T03:55:39.287737+00:00 [running]> on host 3942ac1e1d5f
[2023-03-22 04:00:30,376] {taskinstance.py:1414} INFO - Exporting the following env vars:
AIRFLOW_CTX_DAG_OWNER=***
AIRFLOW_CTX_DAG_ID=etl_to_staging
AIRFLOW_CTX_TASK_ID=trans_checkin_json
AIRFLOW_CTX_EXECUTION_DATE=2023-03-22T03:55:39.287737+00:00
AIRFLOW_CTX_DAG_RUN_ID=manual__2023-03-22T03:55:39.287737+00:00
[2023-03-22 04:00:49,052] {logging_mixin.py:109} INFO - Data berhasil disimpan ke json file
[2023-03-22 04:00:49,162] {python.py:152} INFO - Done. Returned value was: None
[2023-03-22 04:00:49,191] {taskinstance.py:1280} INFO - Marking task as SUCCESS. dag_id=etl_to_staging, task_id=trans_checkin_json, execution_date=20230322T035539, start_date=20230322T040030, end_date=20230322T040049
[2023-03-22 04:00:49,340] {local_task_job.py:154} INFO - Task exited with return code 0
[2023-03-22 04:00:49,422] {local_task_job.py:264} INFO - 0 downstream tasks scheduled from follow-on schedule check
