[2023-03-22 08:34:26,579] {taskinstance.py:1035} INFO - Dependencies all met for <TaskInstance: load_to_datamart.Start_Proses_Load_to_datamart manual__2023-03-22T08:34:25.490061+00:00 [queued]>
[2023-03-22 08:34:26,600] {taskinstance.py:1035} INFO - Dependencies all met for <TaskInstance: load_to_datamart.Start_Proses_Load_to_datamart manual__2023-03-22T08:34:25.490061+00:00 [queued]>
[2023-03-22 08:34:26,601] {taskinstance.py:1241} INFO - 
--------------------------------------------------------------------------------
[2023-03-22 08:34:26,601] {taskinstance.py:1242} INFO - Starting attempt 1 of 1
[2023-03-22 08:34:26,602] {taskinstance.py:1243} INFO - 
--------------------------------------------------------------------------------
[2023-03-22 08:34:26,615] {taskinstance.py:1262} INFO - Executing <Task(PythonOperator): Start_Proses_Load_to_datamart> on 2023-03-22 08:34:25.490061+00:00
[2023-03-22 08:34:26,619] {standard_task_runner.py:52} INFO - Started process 790 to run task
[2023-03-22 08:34:26,621] {standard_task_runner.py:76} INFO - Running: ['***', 'tasks', 'run', 'load_to_datamart', 'Start_Proses_Load_to_datamart', 'manual__2023-03-22T08:34:25.490061+00:00', '--job-id', '17', '--raw', '--subdir', 'DAGS_FOLDER/mart_layer.py', '--cfg-path', '/tmp/tmp2bblqhhr', '--error-file', '/tmp/tmpe6g4yqt9']
[2023-03-22 08:34:26,622] {standard_task_runner.py:77} INFO - Job 17: Subtask Start_Proses_Load_to_datamart
[2023-03-22 08:34:26,665] {logging_mixin.py:109} INFO - Running <TaskInstance: load_to_datamart.Start_Proses_Load_to_datamart manual__2023-03-22T08:34:25.490061+00:00 [running]> on host 2bbf1c230888
[2023-03-22 08:34:26,714] {taskinstance.py:1414} INFO - Exporting the following env vars:
AIRFLOW_CTX_DAG_OWNER=***
AIRFLOW_CTX_DAG_ID=load_to_datamart
AIRFLOW_CTX_TASK_ID=Start_Proses_Load_to_datamart
AIRFLOW_CTX_EXECUTION_DATE=2023-03-22T08:34:25.490061+00:00
AIRFLOW_CTX_DAG_RUN_ID=manual__2023-03-22T08:34:25.490061+00:00
[2023-03-22 08:34:26,715] {logging_mixin.py:109} INFO - ETL Dimulai
[2023-03-22 08:34:26,716] {python.py:152} INFO - Done. Returned value was: None
[2023-03-22 08:34:26,728] {taskinstance.py:1280} INFO - Marking task as SUCCESS. dag_id=load_to_datamart, task_id=Start_Proses_Load_to_datamart, execution_date=20230322T083425, start_date=20230322T083426, end_date=20230322T083426
[2023-03-22 08:34:26,755] {local_task_job.py:154} INFO - Task exited with return code 0
[2023-03-22 08:34:26,795] {local_task_job.py:264} INFO - 1 downstream tasks scheduled from follow-on schedule check
