[2023-03-22 03:13:14,639] {taskinstance.py:1035} INFO - Dependencies all met for <TaskInstance: etl_to_staging.Start_Proses_ETL_Staging manual__2023-03-22T03:13:12.323779+00:00 [queued]>
[2023-03-22 03:13:14,682] {taskinstance.py:1035} INFO - Dependencies all met for <TaskInstance: etl_to_staging.Start_Proses_ETL_Staging manual__2023-03-22T03:13:12.323779+00:00 [queued]>
[2023-03-22 03:13:14,683] {taskinstance.py:1241} INFO - 
--------------------------------------------------------------------------------
[2023-03-22 03:13:14,683] {taskinstance.py:1242} INFO - Starting attempt 1 of 1
[2023-03-22 03:13:14,684] {taskinstance.py:1243} INFO - 
--------------------------------------------------------------------------------
[2023-03-22 03:13:14,720] {taskinstance.py:1262} INFO - Executing <Task(PythonOperator): Start_Proses_ETL_Staging> on 2023-03-22 03:13:12.323779+00:00
[2023-03-22 03:13:14,736] {standard_task_runner.py:52} INFO - Started process 417 to run task
[2023-03-22 03:13:14,737] {standard_task_runner.py:76} INFO - Running: ['***', 'tasks', 'run', 'etl_to_staging', 'Start_Proses_ETL_Staging', 'manual__2023-03-22T03:13:12.323779+00:00', '--job-id', '5', '--raw', '--subdir', 'DAGS_FOLDER/etl_staging.py', '--cfg-path', '/tmp/tmp9wd0txzw', '--error-file', '/tmp/tmp5xwm7rmg']
[2023-03-22 03:13:14,738] {standard_task_runner.py:77} INFO - Job 5: Subtask Start_Proses_ETL_Staging
[2023-03-22 03:13:14,810] {logging_mixin.py:109} INFO - Running <TaskInstance: etl_to_staging.Start_Proses_ETL_Staging manual__2023-03-22T03:13:12.323779+00:00 [running]> on host c86027d4d7ad
[2023-03-22 03:13:14,917] {taskinstance.py:1414} INFO - Exporting the following env vars:
AIRFLOW_CTX_DAG_OWNER=***
AIRFLOW_CTX_DAG_ID=etl_to_staging
AIRFLOW_CTX_TASK_ID=Start_Proses_ETL_Staging
AIRFLOW_CTX_EXECUTION_DATE=2023-03-22T03:13:12.323779+00:00
AIRFLOW_CTX_DAG_RUN_ID=manual__2023-03-22T03:13:12.323779+00:00
[2023-03-22 03:13:14,919] {logging_mixin.py:109} INFO - ETL Dimulai
[2023-03-22 03:13:14,919] {python.py:152} INFO - Done. Returned value was: None
[2023-03-22 03:13:14,933] {taskinstance.py:1280} INFO - Marking task as SUCCESS. dag_id=etl_to_staging, task_id=Start_Proses_ETL_Staging, execution_date=20230322T031312, start_date=20230322T031314, end_date=20230322T031314
[2023-03-22 03:13:14,992] {local_task_job.py:154} INFO - Task exited with return code 0
[2023-03-22 03:13:15,082] {local_task_job.py:264} INFO - 1 downstream tasks scheduled from follow-on schedule check
