[2023-03-21 05:11:27,037] {taskinstance.py:1035} INFO - Dependencies all met for <TaskInstance: transform_etl.trans_json manual__2023-03-21T05:11:23.205526+00:00 [queued]>
[2023-03-21 05:11:27,058] {taskinstance.py:1035} INFO - Dependencies all met for <TaskInstance: transform_etl.trans_json manual__2023-03-21T05:11:23.205526+00:00 [queued]>
[2023-03-21 05:11:27,059] {taskinstance.py:1241} INFO - 
--------------------------------------------------------------------------------
[2023-03-21 05:11:27,059] {taskinstance.py:1242} INFO - Starting attempt 1 of 1
[2023-03-21 05:11:27,060] {taskinstance.py:1243} INFO - 
--------------------------------------------------------------------------------
[2023-03-21 05:11:27,078] {taskinstance.py:1262} INFO - Executing <Task(PythonOperator): trans_json> on 2023-03-21 05:11:23.205526+00:00
[2023-03-21 05:11:27,082] {standard_task_runner.py:52} INFO - Started process 969 to run task
[2023-03-21 05:11:27,088] {standard_task_runner.py:76} INFO - Running: ['***', 'tasks', 'run', 'transform_etl', 'trans_json', 'manual__2023-03-21T05:11:23.205526+00:00', '--job-id', '37', '--raw', '--subdir', 'DAGS_FOLDER/etl.py', '--cfg-path', '/tmp/tmpva6k42ww', '--error-file', '/tmp/tmpa6v5j03j']
[2023-03-21 05:11:27,089] {standard_task_runner.py:77} INFO - Job 37: Subtask trans_json
[2023-03-21 05:11:27,137] {logging_mixin.py:109} INFO - Running <TaskInstance: transform_etl.trans_json manual__2023-03-21T05:11:23.205526+00:00 [running]> on host 8d5c7b966855
[2023-03-21 05:11:27,191] {taskinstance.py:1414} INFO - Exporting the following env vars:
AIRFLOW_CTX_DAG_OWNER=***
AIRFLOW_CTX_DAG_ID=transform_etl
AIRFLOW_CTX_TASK_ID=trans_json
AIRFLOW_CTX_EXECUTION_DATE=2023-03-21T05:11:23.205526+00:00
AIRFLOW_CTX_DAG_RUN_ID=manual__2023-03-21T05:11:23.205526+00:00
[2023-03-21 05:24:33,740] {local_task_job.py:154} INFO - Task exited with return code Negsignal.SIGKILL
[2023-03-21 05:24:33,903] {taskinstance.py:1280} INFO - Marking task as FAILED. dag_id=transform_etl, task_id=trans_json, execution_date=20230321T051123, start_date=20230321T051127, end_date=20230321T052433
[2023-03-21 05:24:34,089] {local_task_job.py:264} INFO - 0 downstream tasks scheduled from follow-on schedule check
