[2023-03-21 05:11:25,801] {taskinstance.py:1035} INFO - Dependencies all met for <TaskInstance: transform_etl.trans_csv manual__2023-03-21T05:11:23.205526+00:00 [queued]>
[2023-03-21 05:11:25,819] {taskinstance.py:1035} INFO - Dependencies all met for <TaskInstance: transform_etl.trans_csv manual__2023-03-21T05:11:23.205526+00:00 [queued]>
[2023-03-21 05:11:25,820] {taskinstance.py:1241} INFO - 
--------------------------------------------------------------------------------
[2023-03-21 05:11:25,821] {taskinstance.py:1242} INFO - Starting attempt 1 of 1
[2023-03-21 05:11:25,821] {taskinstance.py:1243} INFO - 
--------------------------------------------------------------------------------
[2023-03-21 05:11:25,835] {taskinstance.py:1262} INFO - Executing <Task(PythonOperator): trans_csv> on 2023-03-21 05:11:23.205526+00:00
[2023-03-21 05:11:25,839] {standard_task_runner.py:52} INFO - Started process 967 to run task
[2023-03-21 05:11:25,842] {standard_task_runner.py:76} INFO - Running: ['***', 'tasks', 'run', 'transform_etl', 'trans_csv', 'manual__2023-03-21T05:11:23.205526+00:00', '--job-id', '36', '--raw', '--subdir', 'DAGS_FOLDER/etl.py', '--cfg-path', '/tmp/tmp8tup074c', '--error-file', '/tmp/tmpvjui9lf5']
[2023-03-21 05:11:25,843] {standard_task_runner.py:77} INFO - Job 36: Subtask trans_csv
[2023-03-21 05:11:25,886] {logging_mixin.py:109} INFO - Running <TaskInstance: transform_etl.trans_csv manual__2023-03-21T05:11:23.205526+00:00 [running]> on host 8d5c7b966855
[2023-03-21 05:11:25,932] {taskinstance.py:1414} INFO - Exporting the following env vars:
AIRFLOW_CTX_DAG_OWNER=***
AIRFLOW_CTX_DAG_ID=transform_etl
AIRFLOW_CTX_TASK_ID=trans_csv
AIRFLOW_CTX_EXECUTION_DATE=2023-03-21T05:11:23.205526+00:00
AIRFLOW_CTX_DAG_RUN_ID=manual__2023-03-21T05:11:23.205526+00:00
[2023-03-21 05:11:26,324] {logging_mixin.py:109} INFO - Data berhasil disimpan ke csv file
[2023-03-21 05:11:26,325] {python.py:152} INFO - Done. Returned value was: None
[2023-03-21 05:11:26,336] {taskinstance.py:1280} INFO - Marking task as SUCCESS. dag_id=transform_etl, task_id=trans_csv, execution_date=20230321T051123, start_date=20230321T051125, end_date=20230321T051126
[2023-03-21 05:11:26,376] {local_task_job.py:154} INFO - Task exited with return code 0
[2023-03-21 05:11:26,415] {local_task_job.py:264} INFO - 1 downstream tasks scheduled from follow-on schedule check
