[2023-03-22 03:43:33,892] {taskinstance.py:1035} INFO - Dependencies all met for <TaskInstance: etl_to_staging.trans_checkin_json manual__2023-03-22T03:43:03.096893+00:00 [queued]>
[2023-03-22 03:43:33,938] {taskinstance.py:1035} INFO - Dependencies all met for <TaskInstance: etl_to_staging.trans_checkin_json manual__2023-03-22T03:43:03.096893+00:00 [queued]>
[2023-03-22 03:43:33,939] {taskinstance.py:1241} INFO - 
--------------------------------------------------------------------------------
[2023-03-22 03:43:33,940] {taskinstance.py:1242} INFO - Starting attempt 1 of 1
[2023-03-22 03:43:33,941] {taskinstance.py:1243} INFO - 
--------------------------------------------------------------------------------
[2023-03-22 03:43:33,966] {taskinstance.py:1262} INFO - Executing <Task(PythonOperator): trans_checkin_json> on 2023-03-22 03:43:03.096893+00:00
[2023-03-22 03:43:33,972] {standard_task_runner.py:52} INFO - Started process 125 to run task
[2023-03-22 03:43:33,977] {standard_task_runner.py:76} INFO - Running: ['***', 'tasks', 'run', 'etl_to_staging', 'trans_checkin_json', 'manual__2023-03-22T03:43:03.096893+00:00', '--job-id', '6', '--raw', '--subdir', 'DAGS_FOLDER/etl_staging.py', '--cfg-path', '/tmp/tmpcz26ab_7', '--error-file', '/tmp/tmp5ng0s_yx']
[2023-03-22 03:43:33,978] {standard_task_runner.py:77} INFO - Job 6: Subtask trans_checkin_json
[2023-03-22 03:43:34,055] {logging_mixin.py:109} INFO - Running <TaskInstance: etl_to_staging.trans_checkin_json manual__2023-03-22T03:43:03.096893+00:00 [running]> on host 0ac79c3d310c
[2023-03-22 03:43:34,143] {taskinstance.py:1414} INFO - Exporting the following env vars:
AIRFLOW_CTX_DAG_OWNER=***
AIRFLOW_CTX_DAG_ID=etl_to_staging
AIRFLOW_CTX_TASK_ID=trans_checkin_json
AIRFLOW_CTX_EXECUTION_DATE=2023-03-22T03:43:03.096893+00:00
AIRFLOW_CTX_DAG_RUN_ID=manual__2023-03-22T03:43:03.096893+00:00
[2023-03-22 03:43:53,304] {logging_mixin.py:109} INFO - Data berhasil disimpan ke json file
[2023-03-22 03:43:53,381] {python.py:152} INFO - Done. Returned value was: None
[2023-03-22 03:43:53,395] {taskinstance.py:1280} INFO - Marking task as SUCCESS. dag_id=etl_to_staging, task_id=trans_checkin_json, execution_date=20230322T034303, start_date=20230322T034333, end_date=20230322T034353
[2023-03-22 03:43:53,519] {local_task_job.py:154} INFO - Task exited with return code 0
[2023-03-22 03:43:53,819] {local_task_job.py:264} INFO - 1 downstream tasks scheduled from follow-on schedule check
