[2023-03-22 08:10:28,389] {taskinstance.py:1035} INFO - Dependencies all met for <TaskInstance: etl_to_staging.Start_Proses_ETL_Staging manual__2023-03-22T08:10:23.415675+00:00 [queued]>
[2023-03-22 08:10:28,422] {taskinstance.py:1035} INFO - Dependencies all met for <TaskInstance: etl_to_staging.Start_Proses_ETL_Staging manual__2023-03-22T08:10:23.415675+00:00 [queued]>
[2023-03-22 08:10:28,423] {taskinstance.py:1241} INFO - 
--------------------------------------------------------------------------------
[2023-03-22 08:10:28,424] {taskinstance.py:1242} INFO - Starting attempt 1 of 1
[2023-03-22 08:10:28,424] {taskinstance.py:1243} INFO - 
--------------------------------------------------------------------------------
[2023-03-22 08:10:28,447] {taskinstance.py:1262} INFO - Executing <Task(PythonOperator): Start_Proses_ETL_Staging> on 2023-03-22 08:10:23.415675+00:00
[2023-03-22 08:10:28,454] {standard_task_runner.py:52} INFO - Started process 290 to run task
[2023-03-22 08:10:28,459] {standard_task_runner.py:76} INFO - Running: ['***', 'tasks', 'run', 'etl_to_staging', 'Start_Proses_ETL_Staging', 'manual__2023-03-22T08:10:23.415675+00:00', '--job-id', '3', '--raw', '--subdir', 'DAGS_FOLDER/etl_staging.py', '--cfg-path', '/tmp/tmp0oxktznv', '--error-file', '/tmp/tmpuur9colg']
[2023-03-22 08:10:28,460] {standard_task_runner.py:77} INFO - Job 3: Subtask Start_Proses_ETL_Staging
[2023-03-22 08:10:28,537] {logging_mixin.py:109} INFO - Running <TaskInstance: etl_to_staging.Start_Proses_ETL_Staging manual__2023-03-22T08:10:23.415675+00:00 [running]> on host 2bbf1c230888
[2023-03-22 08:10:28,677] {taskinstance.py:1414} INFO - Exporting the following env vars:
AIRFLOW_CTX_DAG_OWNER=***
AIRFLOW_CTX_DAG_ID=etl_to_staging
AIRFLOW_CTX_TASK_ID=Start_Proses_ETL_Staging
AIRFLOW_CTX_EXECUTION_DATE=2023-03-22T08:10:23.415675+00:00
AIRFLOW_CTX_DAG_RUN_ID=manual__2023-03-22T08:10:23.415675+00:00
[2023-03-22 08:10:28,685] {logging_mixin.py:109} INFO - ETL Dimulai
[2023-03-22 08:10:28,686] {python.py:152} INFO - Done. Returned value was: None
[2023-03-22 08:10:28,708] {taskinstance.py:1280} INFO - Marking task as SUCCESS. dag_id=etl_to_staging, task_id=Start_Proses_ETL_Staging, execution_date=20230322T081023, start_date=20230322T081028, end_date=20230322T081028
[2023-03-22 08:10:28,751] {local_task_job.py:154} INFO - Task exited with return code 0
[2023-03-22 08:10:28,837] {local_task_job.py:264} INFO - 1 downstream tasks scheduled from follow-on schedule check
