[2023-03-21 03:59:51,961] {taskinstance.py:1035} INFO - Dependencies all met for <TaskInstance: transform_etl.trans_csv manual__2023-03-21T03:59:50.384849+00:00 [queued]>
[2023-03-21 03:59:51,977] {taskinstance.py:1035} INFO - Dependencies all met for <TaskInstance: transform_etl.trans_csv manual__2023-03-21T03:59:50.384849+00:00 [queued]>
[2023-03-21 03:59:51,978] {taskinstance.py:1241} INFO - 
--------------------------------------------------------------------------------
[2023-03-21 03:59:51,978] {taskinstance.py:1242} INFO - Starting attempt 1 of 1
[2023-03-21 03:59:51,979] {taskinstance.py:1243} INFO - 
--------------------------------------------------------------------------------
[2023-03-21 03:59:51,997] {taskinstance.py:1262} INFO - Executing <Task(PythonOperator): trans_csv> on 2023-03-21 03:59:50.384849+00:00
[2023-03-21 03:59:52,001] {standard_task_runner.py:52} INFO - Started process 1149 to run task
[2023-03-21 03:59:52,005] {standard_task_runner.py:76} INFO - Running: ['***', 'tasks', 'run', 'transform_etl', 'trans_csv', 'manual__2023-03-21T03:59:50.384849+00:00', '--job-id', '26', '--raw', '--subdir', 'DAGS_FOLDER/etl.py', '--cfg-path', '/tmp/tmpg75e7sxd', '--error-file', '/tmp/tmplacwv1q1']
[2023-03-21 03:59:52,005] {standard_task_runner.py:77} INFO - Job 26: Subtask trans_csv
[2023-03-21 03:59:52,051] {logging_mixin.py:109} INFO - Running <TaskInstance: transform_etl.trans_csv manual__2023-03-21T03:59:50.384849+00:00 [running]> on host 8d5c7b966855
[2023-03-21 03:59:52,102] {taskinstance.py:1414} INFO - Exporting the following env vars:
AIRFLOW_CTX_DAG_OWNER=***
AIRFLOW_CTX_DAG_ID=transform_etl
AIRFLOW_CTX_TASK_ID=trans_csv
AIRFLOW_CTX_EXECUTION_DATE=2023-03-21T03:59:50.384849+00:00
AIRFLOW_CTX_DAG_RUN_ID=manual__2023-03-21T03:59:50.384849+00:00
[2023-03-21 03:59:52,103] {logging_mixin.py:109} INFO - Data berhasil disimpan ke csv file
[2023-03-21 03:59:52,103] {python.py:152} INFO - Done. Returned value was: None
[2023-03-21 03:59:52,115] {taskinstance.py:1280} INFO - Marking task as SUCCESS. dag_id=transform_etl, task_id=trans_csv, execution_date=20230321T035950, start_date=20230321T035951, end_date=20230321T035952
[2023-03-21 03:59:52,136] {local_task_job.py:154} INFO - Task exited with return code 0
[2023-03-21 03:59:52,178] {local_task_job.py:264} INFO - 1 downstream tasks scheduled from follow-on schedule check
