[2023-03-22 08:18:05,071] {taskinstance.py:1035} INFO - Dependencies all met for <TaskInstance: etl_to_staging.trans_checkin_json manual__2023-03-22T08:17:42.345930+00:00 [queued]>
[2023-03-22 08:18:05,115] {taskinstance.py:1035} INFO - Dependencies all met for <TaskInstance: etl_to_staging.trans_checkin_json manual__2023-03-22T08:17:42.345930+00:00 [queued]>
[2023-03-22 08:18:05,116] {taskinstance.py:1241} INFO - 
--------------------------------------------------------------------------------
[2023-03-22 08:18:05,116] {taskinstance.py:1242} INFO - Starting attempt 1 of 1
[2023-03-22 08:18:05,117] {taskinstance.py:1243} INFO - 
--------------------------------------------------------------------------------
[2023-03-22 08:18:05,144] {taskinstance.py:1262} INFO - Executing <Task(PythonOperator): trans_checkin_json> on 2023-03-22 08:17:42.345930+00:00
[2023-03-22 08:18:05,149] {standard_task_runner.py:52} INFO - Started process 135 to run task
[2023-03-22 08:18:05,153] {standard_task_runner.py:76} INFO - Running: ['***', 'tasks', 'run', 'etl_to_staging', 'trans_checkin_json', 'manual__2023-03-22T08:17:42.345930+00:00', '--job-id', '11', '--raw', '--subdir', 'DAGS_FOLDER/etl_staging.py', '--cfg-path', '/tmp/tmp9geo5tbz', '--error-file', '/tmp/tmp1rf7jyke']
[2023-03-22 08:18:05,154] {standard_task_runner.py:77} INFO - Job 11: Subtask trans_checkin_json
[2023-03-22 08:18:05,204] {logging_mixin.py:109} INFO - Running <TaskInstance: etl_to_staging.trans_checkin_json manual__2023-03-22T08:17:42.345930+00:00 [running]> on host 2bbf1c230888
[2023-03-22 08:18:05,285] {taskinstance.py:1414} INFO - Exporting the following env vars:
AIRFLOW_CTX_DAG_OWNER=***
AIRFLOW_CTX_DAG_ID=etl_to_staging
AIRFLOW_CTX_TASK_ID=trans_checkin_json
AIRFLOW_CTX_EXECUTION_DATE=2023-03-22T08:17:42.345930+00:00
AIRFLOW_CTX_DAG_RUN_ID=manual__2023-03-22T08:17:42.345930+00:00
[2023-03-22 08:18:22,314] {logging_mixin.py:109} INFO - Data berhasil disimpan ke json file
[2023-03-22 08:18:22,411] {python.py:152} INFO - Done. Returned value was: None
[2023-03-22 08:18:22,425] {taskinstance.py:1280} INFO - Marking task as SUCCESS. dag_id=etl_to_staging, task_id=trans_checkin_json, execution_date=20230322T081742, start_date=20230322T081805, end_date=20230322T081822
[2023-03-22 08:18:22,532] {local_task_job.py:154} INFO - Task exited with return code 0
[2023-03-22 08:18:22,576] {local_task_job.py:264} INFO - 1 downstream tasks scheduled from follow-on schedule check
