[2023-03-22 06:20:04,039] {taskinstance.py:1035} INFO - Dependencies all met for <TaskInstance: load_to_DWlayer.sukses_Proses_ETL manual__2023-03-22T06:19:38.757121+00:00 [queued]>
[2023-03-22 06:20:04,073] {taskinstance.py:1035} INFO - Dependencies all met for <TaskInstance: load_to_DWlayer.sukses_Proses_ETL manual__2023-03-22T06:19:38.757121+00:00 [queued]>
[2023-03-22 06:20:04,074] {taskinstance.py:1241} INFO - 
--------------------------------------------------------------------------------
[2023-03-22 06:20:04,074] {taskinstance.py:1242} INFO - Starting attempt 1 of 1
[2023-03-22 06:20:04,075] {taskinstance.py:1243} INFO - 
--------------------------------------------------------------------------------
[2023-03-22 06:20:04,095] {taskinstance.py:1262} INFO - Executing <Task(PythonOperator): sukses_Proses_ETL> on 2023-03-22 06:19:38.757121+00:00
[2023-03-22 06:20:04,101] {standard_task_runner.py:52} INFO - Started process 1340 to run task
[2023-03-22 06:20:04,106] {standard_task_runner.py:76} INFO - Running: ['***', 'tasks', 'run', 'load_to_DWlayer', 'sukses_Proses_ETL', 'manual__2023-03-22T06:19:38.757121+00:00', '--job-id', '15', '--raw', '--subdir', 'DAGS_FOLDER/etl_warehouse.py', '--cfg-path', '/tmp/tmpk6mq317z', '--error-file', '/tmp/tmptvp3nvjo']
[2023-03-22 06:20:04,107] {standard_task_runner.py:77} INFO - Job 15: Subtask sukses_Proses_ETL
[2023-03-22 06:20:04,174] {logging_mixin.py:109} INFO - Running <TaskInstance: load_to_DWlayer.sukses_Proses_ETL manual__2023-03-22T06:19:38.757121+00:00 [running]> on host 33f6658fc35a
[2023-03-22 06:20:04,251] {taskinstance.py:1414} INFO - Exporting the following env vars:
AIRFLOW_CTX_DAG_OWNER=***
AIRFLOW_CTX_DAG_ID=load_to_DWlayer
AIRFLOW_CTX_TASK_ID=sukses_Proses_ETL
AIRFLOW_CTX_EXECUTION_DATE=2023-03-22T06:19:38.757121+00:00
AIRFLOW_CTX_DAG_RUN_ID=manual__2023-03-22T06:19:38.757121+00:00
[2023-03-22 06:20:04,253] {logging_mixin.py:109} INFO - Etl Sukses Dilakukan
[2023-03-22 06:20:04,254] {python.py:152} INFO - Done. Returned value was: None
[2023-03-22 06:20:04,272] {taskinstance.py:1280} INFO - Marking task as SUCCESS. dag_id=load_to_DWlayer, task_id=sukses_Proses_ETL, execution_date=20230322T061938, start_date=20230322T062004, end_date=20230322T062004
[2023-03-22 06:20:04,318] {local_task_job.py:154} INFO - Task exited with return code 0
[2023-03-22 06:20:04,372] {local_task_job.py:264} INFO - 0 downstream tasks scheduled from follow-on schedule check
