[2023-03-21 05:08:12,701] {taskinstance.py:1035} INFO - Dependencies all met for <TaskInstance: transform_etl.trans_csv manual__2023-03-21T05:08:09.624952+00:00 [queued]>
[2023-03-21 05:08:12,727] {taskinstance.py:1035} INFO - Dependencies all met for <TaskInstance: transform_etl.trans_csv manual__2023-03-21T05:08:09.624952+00:00 [queued]>
[2023-03-21 05:08:12,727] {taskinstance.py:1241} INFO - 
--------------------------------------------------------------------------------
[2023-03-21 05:08:12,728] {taskinstance.py:1242} INFO - Starting attempt 1 of 1
[2023-03-21 05:08:12,728] {taskinstance.py:1243} INFO - 
--------------------------------------------------------------------------------
[2023-03-21 05:08:12,742] {taskinstance.py:1262} INFO - Executing <Task(PythonOperator): trans_csv> on 2023-03-21 05:08:09.624952+00:00
[2023-03-21 05:08:12,746] {standard_task_runner.py:52} INFO - Started process 860 to run task
[2023-03-21 05:08:12,749] {standard_task_runner.py:76} INFO - Running: ['***', 'tasks', 'run', 'transform_etl', 'trans_csv', 'manual__2023-03-21T05:08:09.624952+00:00', '--job-id', '33', '--raw', '--subdir', 'DAGS_FOLDER/etl.py', '--cfg-path', '/tmp/tmpjhwbpet3', '--error-file', '/tmp/tmphyr5ngb7']
[2023-03-21 05:08:12,750] {standard_task_runner.py:77} INFO - Job 33: Subtask trans_csv
[2023-03-21 05:08:12,790] {logging_mixin.py:109} INFO - Running <TaskInstance: transform_etl.trans_csv manual__2023-03-21T05:08:09.624952+00:00 [running]> on host 8d5c7b966855
[2023-03-21 05:08:12,840] {taskinstance.py:1414} INFO - Exporting the following env vars:
AIRFLOW_CTX_DAG_OWNER=***
AIRFLOW_CTX_DAG_ID=transform_etl
AIRFLOW_CTX_TASK_ID=trans_csv
AIRFLOW_CTX_EXECUTION_DATE=2023-03-21T05:08:09.624952+00:00
AIRFLOW_CTX_DAG_RUN_ID=manual__2023-03-21T05:08:09.624952+00:00
[2023-03-21 05:08:13,376] {logging_mixin.py:109} INFO - Data berhasil disimpan ke csv file
[2023-03-21 05:08:13,377] {python.py:152} INFO - Done. Returned value was: None
[2023-03-21 05:08:13,400] {taskinstance.py:1280} INFO - Marking task as SUCCESS. dag_id=transform_etl, task_id=trans_csv, execution_date=20230321T050809, start_date=20230321T050812, end_date=20230321T050813
[2023-03-21 05:08:13,444] {local_task_job.py:154} INFO - Task exited with return code 0
[2023-03-21 05:08:13,491] {local_task_job.py:264} INFO - 1 downstream tasks scheduled from follow-on schedule check
