[2023-03-21 05:53:04,969] {taskinstance.py:1035} INFO - Dependencies all met for <TaskInstance: transform_etl.Start_Proses_ETL manual__2023-03-21T05:53:03.093065+00:00 [queued]>
[2023-03-21 05:53:05,002] {taskinstance.py:1035} INFO - Dependencies all met for <TaskInstance: transform_etl.Start_Proses_ETL manual__2023-03-21T05:53:03.093065+00:00 [queued]>
[2023-03-21 05:53:05,003] {taskinstance.py:1241} INFO - 
--------------------------------------------------------------------------------
[2023-03-21 05:53:05,003] {taskinstance.py:1242} INFO - Starting attempt 1 of 1
[2023-03-21 05:53:05,004] {taskinstance.py:1243} INFO - 
--------------------------------------------------------------------------------
[2023-03-21 05:53:05,025] {taskinstance.py:1262} INFO - Executing <Task(PythonOperator): Start_Proses_ETL> on 2023-03-21 05:53:03.093065+00:00
[2023-03-21 05:53:05,030] {standard_task_runner.py:52} INFO - Started process 260 to run task
[2023-03-21 05:53:05,035] {standard_task_runner.py:76} INFO - Running: ['***', 'tasks', 'run', 'transform_etl', 'Start_Proses_ETL', 'manual__2023-03-21T05:53:03.093065+00:00', '--job-id', '56', '--raw', '--subdir', 'DAGS_FOLDER/etl.py', '--cfg-path', '/tmp/tmp5xjltw9b', '--error-file', '/tmp/tmpoo6jr4nx']
[2023-03-21 05:53:05,036] {standard_task_runner.py:77} INFO - Job 56: Subtask Start_Proses_ETL
[2023-03-21 05:53:05,099] {logging_mixin.py:109} INFO - Running <TaskInstance: transform_etl.Start_Proses_ETL manual__2023-03-21T05:53:03.093065+00:00 [running]> on host 8d5c7b966855
[2023-03-21 05:53:05,176] {taskinstance.py:1414} INFO - Exporting the following env vars:
AIRFLOW_CTX_DAG_OWNER=***
AIRFLOW_CTX_DAG_ID=transform_etl
AIRFLOW_CTX_TASK_ID=Start_Proses_ETL
AIRFLOW_CTX_EXECUTION_DATE=2023-03-21T05:53:03.093065+00:00
AIRFLOW_CTX_DAG_RUN_ID=manual__2023-03-21T05:53:03.093065+00:00
[2023-03-21 05:53:05,178] {logging_mixin.py:109} INFO - ETL Dimulai
[2023-03-21 05:53:05,179] {python.py:152} INFO - Done. Returned value was: None
[2023-03-21 05:53:05,197] {taskinstance.py:1280} INFO - Marking task as SUCCESS. dag_id=transform_etl, task_id=Start_Proses_ETL, execution_date=20230321T055303, start_date=20230321T055304, end_date=20230321T055305
[2023-03-21 05:53:05,248] {local_task_job.py:154} INFO - Task exited with return code 0
[2023-03-21 05:53:05,325] {local_task_job.py:264} INFO - 1 downstream tasks scheduled from follow-on schedule check
