[2023-03-22 03:43:55,464] {taskinstance.py:1035} INFO - Dependencies all met for <TaskInstance: etl_to_staging.trans_tip_json manual__2023-03-22T03:43:03.096893+00:00 [queued]>
[2023-03-22 03:43:55,489] {taskinstance.py:1035} INFO - Dependencies all met for <TaskInstance: etl_to_staging.trans_tip_json manual__2023-03-22T03:43:03.096893+00:00 [queued]>
[2023-03-22 03:43:55,489] {taskinstance.py:1241} INFO - 
--------------------------------------------------------------------------------
[2023-03-22 03:43:55,490] {taskinstance.py:1242} INFO - Starting attempt 1 of 1
[2023-03-22 03:43:55,490] {taskinstance.py:1243} INFO - 
--------------------------------------------------------------------------------
[2023-03-22 03:43:55,506] {taskinstance.py:1262} INFO - Executing <Task(PythonOperator): trans_tip_json> on 2023-03-22 03:43:03.096893+00:00
[2023-03-22 03:43:55,511] {standard_task_runner.py:52} INFO - Started process 137 to run task
[2023-03-22 03:43:55,515] {standard_task_runner.py:76} INFO - Running: ['***', 'tasks', 'run', 'etl_to_staging', 'trans_tip_json', 'manual__2023-03-22T03:43:03.096893+00:00', '--job-id', '7', '--raw', '--subdir', 'DAGS_FOLDER/etl_staging.py', '--cfg-path', '/tmp/tmpn1fnm07_', '--error-file', '/tmp/tmpd97adoqn']
[2023-03-22 03:43:55,516] {standard_task_runner.py:77} INFO - Job 7: Subtask trans_tip_json
[2023-03-22 03:43:55,575] {logging_mixin.py:109} INFO - Running <TaskInstance: etl_to_staging.trans_tip_json manual__2023-03-22T03:43:03.096893+00:00 [running]> on host 0ac79c3d310c
[2023-03-22 03:43:55,645] {taskinstance.py:1414} INFO - Exporting the following env vars:
AIRFLOW_CTX_DAG_OWNER=***
AIRFLOW_CTX_DAG_ID=etl_to_staging
AIRFLOW_CTX_TASK_ID=trans_tip_json
AIRFLOW_CTX_EXECUTION_DATE=2023-03-22T03:43:03.096893+00:00
AIRFLOW_CTX_DAG_RUN_ID=manual__2023-03-22T03:43:03.096893+00:00
[2023-03-22 03:46:57,153] {local_task_job.py:154} INFO - Task exited with return code Negsignal.SIGKILL
[2023-03-22 03:46:57,201] {taskinstance.py:1280} INFO - Marking task as FAILED. dag_id=etl_to_staging, task_id=trans_tip_json, execution_date=20230322T034303, start_date=20230322T034355, end_date=20230322T034657
[2023-03-22 03:46:57,448] {local_task_job.py:264} INFO - 0 downstream tasks scheduled from follow-on schedule check
