[2023-03-21 06:12:49,923] {taskinstance.py:1035} INFO - Dependencies all met for <TaskInstance: transform_etl.sukses_Proses_ETL manual__2023-03-21T06:09:20.019905+00:00 [queued]>
[2023-03-21 06:12:49,955] {taskinstance.py:1035} INFO - Dependencies all met for <TaskInstance: transform_etl.sukses_Proses_ETL manual__2023-03-21T06:09:20.019905+00:00 [queued]>
[2023-03-21 06:12:49,955] {taskinstance.py:1241} INFO - 
--------------------------------------------------------------------------------
[2023-03-21 06:12:49,956] {taskinstance.py:1242} INFO - Starting attempt 1 of 1
[2023-03-21 06:12:49,957] {taskinstance.py:1243} INFO - 
--------------------------------------------------------------------------------
[2023-03-21 06:12:50,001] {taskinstance.py:1262} INFO - Executing <Task(PythonOperator): sukses_Proses_ETL> on 2023-03-21 06:09:20.019905+00:00
[2023-03-21 06:12:50,007] {standard_task_runner.py:52} INFO - Started process 221 to run task
[2023-03-21 06:12:50,013] {standard_task_runner.py:76} INFO - Running: ['***', 'tasks', 'run', 'transform_etl', 'sukses_Proses_ETL', 'manual__2023-03-21T06:09:20.019905+00:00', '--job-id', '8', '--raw', '--subdir', 'DAGS_FOLDER/etl.py', '--cfg-path', '/tmp/tmp07tk0f1u', '--error-file', '/tmp/tmpvtl_bqci']
[2023-03-21 06:12:50,015] {standard_task_runner.py:77} INFO - Job 8: Subtask sukses_Proses_ETL
[2023-03-21 06:12:50,108] {logging_mixin.py:109} INFO - Running <TaskInstance: transform_etl.sukses_Proses_ETL manual__2023-03-21T06:09:20.019905+00:00 [running]> on host 1ee5a3730c13
[2023-03-21 06:12:50,245] {taskinstance.py:1414} INFO - Exporting the following env vars:
AIRFLOW_CTX_DAG_OWNER=***
AIRFLOW_CTX_DAG_ID=transform_etl
AIRFLOW_CTX_TASK_ID=sukses_Proses_ETL
AIRFLOW_CTX_EXECUTION_DATE=2023-03-21T06:09:20.019905+00:00
AIRFLOW_CTX_DAG_RUN_ID=manual__2023-03-21T06:09:20.019905+00:00
[2023-03-21 06:12:50,246] {logging_mixin.py:109} INFO - Etl Sukses Dilakukan
[2023-03-21 06:12:50,247] {python.py:152} INFO - Done. Returned value was: None
[2023-03-21 06:12:50,275] {taskinstance.py:1280} INFO - Marking task as SUCCESS. dag_id=transform_etl, task_id=sukses_Proses_ETL, execution_date=20230321T060920, start_date=20230321T061249, end_date=20230321T061250
[2023-03-21 06:12:50,347] {local_task_job.py:154} INFO - Task exited with return code 0
[2023-03-21 06:12:50,406] {local_task_job.py:264} INFO - 0 downstream tasks scheduled from follow-on schedule check
