[2023-03-22 06:19:45,707] {taskinstance.py:1035} INFO - Dependencies all met for <TaskInstance: load_to_DWlayer.Start_Proses_ETL_Staging manual__2023-03-22T06:19:38.757121+00:00 [queued]>
[2023-03-22 06:19:45,757] {taskinstance.py:1035} INFO - Dependencies all met for <TaskInstance: load_to_DWlayer.Start_Proses_ETL_Staging manual__2023-03-22T06:19:38.757121+00:00 [queued]>
[2023-03-22 06:19:45,757] {taskinstance.py:1241} INFO - 
--------------------------------------------------------------------------------
[2023-03-22 06:19:45,758] {taskinstance.py:1242} INFO - Starting attempt 1 of 1
[2023-03-22 06:19:45,759] {taskinstance.py:1243} INFO - 
--------------------------------------------------------------------------------
[2023-03-22 06:19:45,790] {taskinstance.py:1262} INFO - Executing <Task(PythonOperator): Start_Proses_ETL_Staging> on 2023-03-22 06:19:38.757121+00:00
[2023-03-22 06:19:45,799] {standard_task_runner.py:52} INFO - Started process 1333 to run task
[2023-03-22 06:19:45,804] {standard_task_runner.py:76} INFO - Running: ['***', 'tasks', 'run', 'load_to_DWlayer', 'Start_Proses_ETL_Staging', 'manual__2023-03-22T06:19:38.757121+00:00', '--job-id', '13', '--raw', '--subdir', 'DAGS_FOLDER/etl_warehouse.py', '--cfg-path', '/tmp/tmpuxkc0k54', '--error-file', '/tmp/tmpixvrvnez']
[2023-03-22 06:19:45,805] {standard_task_runner.py:77} INFO - Job 13: Subtask Start_Proses_ETL_Staging
[2023-03-22 06:19:45,892] {logging_mixin.py:109} INFO - Running <TaskInstance: load_to_DWlayer.Start_Proses_ETL_Staging manual__2023-03-22T06:19:38.757121+00:00 [running]> on host 33f6658fc35a
[2023-03-22 06:19:46,004] {taskinstance.py:1414} INFO - Exporting the following env vars:
AIRFLOW_CTX_DAG_OWNER=***
AIRFLOW_CTX_DAG_ID=load_to_DWlayer
AIRFLOW_CTX_TASK_ID=Start_Proses_ETL_Staging
AIRFLOW_CTX_EXECUTION_DATE=2023-03-22T06:19:38.757121+00:00
AIRFLOW_CTX_DAG_RUN_ID=manual__2023-03-22T06:19:38.757121+00:00
[2023-03-22 06:19:46,007] {logging_mixin.py:109} INFO - ETL Dimulai
[2023-03-22 06:19:46,008] {python.py:152} INFO - Done. Returned value was: None
[2023-03-22 06:19:46,031] {taskinstance.py:1280} INFO - Marking task as SUCCESS. dag_id=load_to_DWlayer, task_id=Start_Proses_ETL_Staging, execution_date=20230322T061938, start_date=20230322T061945, end_date=20230322T061946
[2023-03-22 06:19:46,103] {local_task_job.py:154} INFO - Task exited with return code 0
[2023-03-22 06:19:46,192] {local_task_job.py:264} INFO - 1 downstream tasks scheduled from follow-on schedule check
