[2023-03-22 08:17:45,079] {taskinstance.py:1035} INFO - Dependencies all met for <TaskInstance: etl_to_staging.trans_csv manual__2023-03-22T08:17:42.345930+00:00 [queued]>
[2023-03-22 08:17:45,101] {taskinstance.py:1035} INFO - Dependencies all met for <TaskInstance: etl_to_staging.trans_csv manual__2023-03-22T08:17:42.345930+00:00 [queued]>
[2023-03-22 08:17:45,102] {taskinstance.py:1241} INFO - 
--------------------------------------------------------------------------------
[2023-03-22 08:17:45,102] {taskinstance.py:1242} INFO - Starting attempt 1 of 1
[2023-03-22 08:17:45,103] {taskinstance.py:1243} INFO - 
--------------------------------------------------------------------------------
[2023-03-22 08:17:45,120] {taskinstance.py:1262} INFO - Executing <Task(PythonOperator): trans_csv> on 2023-03-22 08:17:42.345930+00:00
[2023-03-22 08:17:45,125] {standard_task_runner.py:52} INFO - Started process 121 to run task
[2023-03-22 08:17:45,128] {standard_task_runner.py:76} INFO - Running: ['***', 'tasks', 'run', 'etl_to_staging', 'trans_csv', 'manual__2023-03-22T08:17:42.345930+00:00', '--job-id', '9', '--raw', '--subdir', 'DAGS_FOLDER/etl_staging.py', '--cfg-path', '/tmp/tmpo1pvwb7g', '--error-file', '/tmp/tmp6j2qws1g']
[2023-03-22 08:17:45,129] {standard_task_runner.py:77} INFO - Job 9: Subtask trans_csv
[2023-03-22 08:17:45,175] {logging_mixin.py:109} INFO - Running <TaskInstance: etl_to_staging.trans_csv manual__2023-03-22T08:17:42.345930+00:00 [running]> on host 2bbf1c230888
[2023-03-22 08:17:45,230] {taskinstance.py:1414} INFO - Exporting the following env vars:
AIRFLOW_CTX_DAG_OWNER=***
AIRFLOW_CTX_DAG_ID=etl_to_staging
AIRFLOW_CTX_TASK_ID=trans_csv
AIRFLOW_CTX_EXECUTION_DATE=2023-03-22T08:17:42.345930+00:00
AIRFLOW_CTX_DAG_RUN_ID=manual__2023-03-22T08:17:42.345930+00:00
[2023-03-22 08:17:45,867] {logging_mixin.py:109} INFO - Data berhasil disimpan ke csv file
[2023-03-22 08:17:45,871] {python.py:152} INFO - Done. Returned value was: None
[2023-03-22 08:17:45,884] {taskinstance.py:1280} INFO - Marking task as SUCCESS. dag_id=etl_to_staging, task_id=trans_csv, execution_date=20230322T081742, start_date=20230322T081745, end_date=20230322T081745
[2023-03-22 08:17:45,944] {local_task_job.py:154} INFO - Task exited with return code 0
[2023-03-22 08:17:45,988] {local_task_job.py:264} INFO - 1 downstream tasks scheduled from follow-on schedule check
