[2023-03-22 03:13:16,781] {taskinstance.py:1035} INFO - Dependencies all met for <TaskInstance: etl_to_staging.trans_csv manual__2023-03-22T03:13:12.323779+00:00 [queued]>
[2023-03-22 03:13:16,913] {taskinstance.py:1035} INFO - Dependencies all met for <TaskInstance: etl_to_staging.trans_csv manual__2023-03-22T03:13:12.323779+00:00 [queued]>
[2023-03-22 03:13:16,913] {taskinstance.py:1241} INFO - 
--------------------------------------------------------------------------------
[2023-03-22 03:13:16,914] {taskinstance.py:1242} INFO - Starting attempt 1 of 1
[2023-03-22 03:13:16,914] {taskinstance.py:1243} INFO - 
--------------------------------------------------------------------------------
[2023-03-22 03:13:17,001] {taskinstance.py:1262} INFO - Executing <Task(PythonOperator): trans_csv> on 2023-03-22 03:13:12.323779+00:00
[2023-03-22 03:13:17,005] {standard_task_runner.py:52} INFO - Started process 419 to run task
[2023-03-22 03:13:17,008] {standard_task_runner.py:76} INFO - Running: ['***', 'tasks', 'run', 'etl_to_staging', 'trans_csv', 'manual__2023-03-22T03:13:12.323779+00:00', '--job-id', '6', '--raw', '--subdir', 'DAGS_FOLDER/etl_staging.py', '--cfg-path', '/tmp/tmplaa_91bz', '--error-file', '/tmp/tmpmrg2sw94']
[2023-03-22 03:13:17,009] {standard_task_runner.py:77} INFO - Job 6: Subtask trans_csv
[2023-03-22 03:13:17,391] {logging_mixin.py:109} INFO - Running <TaskInstance: etl_to_staging.trans_csv manual__2023-03-22T03:13:12.323779+00:00 [running]> on host c86027d4d7ad
[2023-03-22 03:13:17,798] {taskinstance.py:1414} INFO - Exporting the following env vars:
AIRFLOW_CTX_DAG_OWNER=***
AIRFLOW_CTX_DAG_ID=etl_to_staging
AIRFLOW_CTX_TASK_ID=trans_csv
AIRFLOW_CTX_EXECUTION_DATE=2023-03-22T03:13:12.323779+00:00
AIRFLOW_CTX_DAG_RUN_ID=manual__2023-03-22T03:13:12.323779+00:00
[2023-03-22 03:13:18,445] {logging_mixin.py:109} INFO - Data berhasil disimpan ke csv file
[2023-03-22 03:13:18,448] {python.py:152} INFO - Done. Returned value was: None
[2023-03-22 03:13:18,460] {taskinstance.py:1280} INFO - Marking task as SUCCESS. dag_id=etl_to_staging, task_id=trans_csv, execution_date=20230322T031312, start_date=20230322T031316, end_date=20230322T031318
[2023-03-22 03:13:18,586] {local_task_job.py:154} INFO - Task exited with return code 0
[2023-03-22 03:13:18,703] {local_task_job.py:264} INFO - 1 downstream tasks scheduled from follow-on schedule check
